[debug] [2024-01-05T21:44:18.121Z] ----------------------------------------------------------------------
[debug] [2024-01-05T21:44:18.123Z] Command:       /opt/homebrew/Cellar/node/21.4.0/bin/node /opt/homebrew/bin/firebase deploy --only functions
[debug] [2024-01-05T21:44:18.124Z] CLI Version:   13.0.2
[debug] [2024-01-05T21:44:18.124Z] Platform:      darwin
[debug] [2024-01-05T21:44:18.124Z] Node Version:  v21.4.0
[debug] [2024-01-05T21:44:18.124Z] Time:          Fri Jan 05 2024 22:44:18 GMT+0100 (heure normale d’Europe centrale)
[debug] [2024-01-05T21:44:18.125Z] ----------------------------------------------------------------------
[debug] 
[debug] [2024-01-05T21:44:18.178Z] > command requires scopes: ["email","openid","https://www.googleapis.com/auth/cloudplatformprojects.readonly","https://www.googleapis.com/auth/firebase","https://www.googleapis.com/auth/cloud-platform"]
[debug] [2024-01-05T21:44:18.178Z] > authorizing via signed-in user (mazeau.paul@gmail.com)
[debug] [2024-01-05T21:44:18.178Z] [iam] checking project pigly-7ae8a for permissions ["cloudfunctions.functions.create","cloudfunctions.functions.delete","cloudfunctions.functions.get","cloudfunctions.functions.list","cloudfunctions.functions.update","cloudfunctions.operations.get","firebase.projects.get"]
[debug] [2024-01-05T21:44:18.180Z] >>> [apiv2][query] POST https://cloudresourcemanager.googleapis.com/v1/projects/pigly-7ae8a:testIamPermissions [none]
[debug] [2024-01-05T21:44:18.180Z] >>> [apiv2][(partial)header] POST https://cloudresourcemanager.googleapis.com/v1/projects/pigly-7ae8a:testIamPermissions x-goog-quota-user=projects/pigly-7ae8a
[debug] [2024-01-05T21:44:18.180Z] >>> [apiv2][body] POST https://cloudresourcemanager.googleapis.com/v1/projects/pigly-7ae8a:testIamPermissions {"permissions":["cloudfunctions.functions.create","cloudfunctions.functions.delete","cloudfunctions.functions.get","cloudfunctions.functions.list","cloudfunctions.functions.update","cloudfunctions.operations.get","firebase.projects.get"]}
[debug] [2024-01-05T21:44:19.021Z] <<< [apiv2][status] POST https://cloudresourcemanager.googleapis.com/v1/projects/pigly-7ae8a:testIamPermissions 200
[debug] [2024-01-05T21:44:19.022Z] <<< [apiv2][body] POST https://cloudresourcemanager.googleapis.com/v1/projects/pigly-7ae8a:testIamPermissions {"permissions":["cloudfunctions.functions.create","cloudfunctions.functions.delete","cloudfunctions.functions.get","cloudfunctions.functions.list","cloudfunctions.functions.update","cloudfunctions.operations.get","firebase.projects.get"]}
[debug] [2024-01-05T21:44:19.023Z] >>> [apiv2][query] POST https://iam.googleapis.com/v1/projects/pigly-7ae8a/serviceAccounts/pigly-7ae8a@appspot.gserviceaccount.com:testIamPermissions [none]
[debug] [2024-01-05T21:44:19.023Z] >>> [apiv2][body] POST https://iam.googleapis.com/v1/projects/pigly-7ae8a/serviceAccounts/pigly-7ae8a@appspot.gserviceaccount.com:testIamPermissions {"permissions":["iam.serviceAccounts.actAs"]}
[debug] [2024-01-05T21:44:19.898Z] <<< [apiv2][status] POST https://iam.googleapis.com/v1/projects/pigly-7ae8a/serviceAccounts/pigly-7ae8a@appspot.gserviceaccount.com:testIamPermissions 404
[debug] [2024-01-05T21:44:19.898Z] <<< [apiv2][body] POST https://iam.googleapis.com/v1/projects/pigly-7ae8a/serviceAccounts/pigly-7ae8a@appspot.gserviceaccount.com:testIamPermissions {"error":{"code":404,"message":"Unknown service account","status":"NOT_FOUND"}}
[debug] [2024-01-05T21:44:19.899Z] [functions] service account IAM check errored, deploy may fail: HTTP Error: 404, Unknown service account {"name":"FirebaseError","children":[],"context":{"body":{"error":{"code":404,"message":"Unknown service account","status":"NOT_FOUND"}},"response":{"statusCode":404}},"exit":1,"message":"HTTP Error: 404, Unknown service account","status":404}
[info] 
[info] === Deploying to 'pigly-7ae8a'...
[info] 
[info] i  deploying functions 
[info] Running command: npm --prefix "$RESOURCE_DIR" run lint
[info] ✔  functions: Finished running predeploy script. 
[debug] [2024-01-05T21:44:20.774Z] >>> [apiv2][query] GET https://firebase.googleapis.com/v1beta1/projects/pigly-7ae8a [none]
[debug] [2024-01-05T21:44:21.037Z] <<< [apiv2][status] GET https://firebase.googleapis.com/v1beta1/projects/pigly-7ae8a 200
[debug] [2024-01-05T21:44:21.038Z] <<< [apiv2][body] GET https://firebase.googleapis.com/v1beta1/projects/pigly-7ae8a {"projectId":"pigly-7ae8a","projectNumber":"952157141305","displayName":"Pigly","name":"projects/pigly-7ae8a","resources":{"hostingSite":"pigly-7ae8a"},"state":"ACTIVE","etag":"1_6d7a09b9-dc4e-4304-aea2-f4e0ad43d013"}
[info] i  functions: preparing codebase default for deployment 
[info] i  functions: ensuring required API cloudfunctions.googleapis.com is enabled... 
[info] i  functions: ensuring required API cloudbuild.googleapis.com is enabled... 
[info] i  artifactregistry: ensuring required API artifactregistry.googleapis.com is enabled... 
[debug] [2024-01-05T21:44:21.041Z] >>> [apiv2][query] GET https://serviceusage.googleapis.com/v1/projects/pigly-7ae8a/services/cloudfunctions.googleapis.com [none]
[debug] [2024-01-05T21:44:21.041Z] >>> [apiv2][(partial)header] GET https://serviceusage.googleapis.com/v1/projects/pigly-7ae8a/services/cloudfunctions.googleapis.com x-goog-quota-user=projects/pigly-7ae8a
[debug] [2024-01-05T21:44:21.043Z] >>> [apiv2][query] GET https://serviceusage.googleapis.com/v1/projects/pigly-7ae8a/services/runtimeconfig.googleapis.com [none]
[debug] [2024-01-05T21:44:21.043Z] >>> [apiv2][(partial)header] GET https://serviceusage.googleapis.com/v1/projects/pigly-7ae8a/services/runtimeconfig.googleapis.com x-goog-quota-user=projects/pigly-7ae8a
[debug] [2024-01-05T21:44:21.044Z] >>> [apiv2][query] GET https://serviceusage.googleapis.com/v1/projects/pigly-7ae8a/services/cloudbuild.googleapis.com [none]
[debug] [2024-01-05T21:44:21.045Z] >>> [apiv2][(partial)header] GET https://serviceusage.googleapis.com/v1/projects/pigly-7ae8a/services/cloudbuild.googleapis.com x-goog-quota-user=projects/pigly-7ae8a
[debug] [2024-01-05T21:44:21.046Z] >>> [apiv2][query] GET https://serviceusage.googleapis.com/v1/projects/pigly-7ae8a/services/artifactregistry.googleapis.com [none]
[debug] [2024-01-05T21:44:21.046Z] >>> [apiv2][(partial)header] GET https://serviceusage.googleapis.com/v1/projects/pigly-7ae8a/services/artifactregistry.googleapis.com x-goog-quota-user=projects/pigly-7ae8a
[debug] [2024-01-05T21:44:22.005Z] <<< [apiv2][status] GET https://serviceusage.googleapis.com/v1/projects/pigly-7ae8a/services/runtimeconfig.googleapis.com 200
[debug] [2024-01-05T21:44:22.005Z] <<< [apiv2][body] GET https://serviceusage.googleapis.com/v1/projects/pigly-7ae8a/services/runtimeconfig.googleapis.com [omitted]
[debug] [2024-01-05T21:44:22.006Z] <<< [apiv2][status] GET https://serviceusage.googleapis.com/v1/projects/pigly-7ae8a/services/cloudbuild.googleapis.com 200
[debug] [2024-01-05T21:44:22.006Z] <<< [apiv2][body] GET https://serviceusage.googleapis.com/v1/projects/pigly-7ae8a/services/cloudbuild.googleapis.com [omitted]
[info] ✔  functions: required API cloudbuild.googleapis.com is enabled 
[debug] [2024-01-05T21:44:22.008Z] <<< [apiv2][status] GET https://serviceusage.googleapis.com/v1/projects/pigly-7ae8a/services/cloudfunctions.googleapis.com 200
[debug] [2024-01-05T21:44:22.008Z] <<< [apiv2][body] GET https://serviceusage.googleapis.com/v1/projects/pigly-7ae8a/services/cloudfunctions.googleapis.com [omitted]
[info] ✔  functions: required API cloudfunctions.googleapis.com is enabled 
[debug] [2024-01-05T21:44:22.009Z] <<< [apiv2][status] GET https://serviceusage.googleapis.com/v1/projects/pigly-7ae8a/services/artifactregistry.googleapis.com 200
[debug] [2024-01-05T21:44:22.009Z] <<< [apiv2][body] GET https://serviceusage.googleapis.com/v1/projects/pigly-7ae8a/services/artifactregistry.googleapis.com [omitted]
[info] ✔  artifactregistry: required API artifactregistry.googleapis.com is enabled 
[debug] [2024-01-05T21:44:22.009Z] >>> [apiv2][query] GET https://firebase.googleapis.com/v1beta1/projects/pigly-7ae8a/adminSdkConfig [none]
[debug] [2024-01-05T21:44:22.236Z] <<< [apiv2][status] GET https://firebase.googleapis.com/v1beta1/projects/pigly-7ae8a/adminSdkConfig 200
[debug] [2024-01-05T21:44:22.236Z] <<< [apiv2][body] GET https://firebase.googleapis.com/v1beta1/projects/pigly-7ae8a/adminSdkConfig {"projectId":"pigly-7ae8a","storageBucket":"pigly-7ae8a.appspot.com"}
[debug] [2024-01-05T21:44:22.238Z] >>> [apiv2][query] GET https://runtimeconfig.googleapis.com/v1beta1/projects/pigly-7ae8a/configs [none]
[debug] [2024-01-05T21:44:22.727Z] <<< [apiv2][status] GET https://runtimeconfig.googleapis.com/v1beta1/projects/pigly-7ae8a/configs 200
[debug] [2024-01-05T21:44:22.727Z] <<< [apiv2][body] GET https://runtimeconfig.googleapis.com/v1beta1/projects/pigly-7ae8a/configs {}
[debug] [2024-01-05T21:44:22.730Z] Validating nodejs source
[debug] [2024-01-05T21:44:23.570Z] > [functions] package.json contents: {
  "name": "functions",
  "description": "Cloud Functions for Firebase",
  "scripts": {
    "lint": "eslint .",
    "serve": "firebase emulators:start --only functions",
    "shell": "firebase functions:shell",
    "start": "npm run shell",
    "deploy": "firebase deploy --only functions",
    "logs": "firebase functions:log"
  },
  "engines": {
    "node": "18"
  },
  "main": "index.js",
  "dependencies": {
    "firebase-admin": "^11.8.0",
    "firebase-functions": "^4.3.1"
  },
  "devDependencies": {
    "eslint": "^8.15.0",
    "eslint-config-google": "^0.14.0",
    "firebase-functions-test": "^3.1.0"
  },
  "private": true
}
[debug] [2024-01-05T21:44:23.570Z] Building nodejs source
[info] i  functions: Loading and analyzing source code for codebase default to determine what to deploy 
[debug] [2024-01-05T21:44:23.571Z] Could not find functions.yaml. Must use http discovery
[debug] [2024-01-05T21:44:23.577Z] Found firebase-functions binary at '/Users/paul/Desktop/Pigly/functions/node_modules/.bin/firebase-functions'
[info] Serving at port 8885

[debug] [2024-01-05T21:44:23.841Z] Got response from /__/functions.yaml {"endpoints":{"helloWorld":{"availableMemoryMb":null,"timeoutSeconds":null,"minInstances":null,"maxInstances":null,"ingressSettings":null,"concurrency":null,"serviceAccountEmail":null,"vpc":null,"platform":"gcfv2","labels":{},"httpsTrigger":{},"entryPoint":"helloWorld"}},"specVersion":"v1alpha1","requiredAPIs":[]}
[info] i  functions: preparing functions directory for uploading... 
[info] i  functions: packaged /Users/paul/Desktop/Pigly/functions (75.27 KB) for uploading 
[debug] [2024-01-05T21:44:28.898Z] >>> [apiv2][query] GET https://cloudfunctions.googleapis.com/v1/projects/pigly-7ae8a/locations/-/functions [none]
[debug] [2024-01-05T21:44:29.437Z] <<< [apiv2][status] GET https://cloudfunctions.googleapis.com/v1/projects/pigly-7ae8a/locations/-/functions 200
[debug] [2024-01-05T21:44:29.438Z] <<< [apiv2][body] GET https://cloudfunctions.googleapis.com/v1/projects/pigly-7ae8a/locations/-/functions {}
[debug] [2024-01-05T21:44:29.440Z] >>> [apiv2][query] GET https://cloudfunctions.googleapis.com/v2/projects/pigly-7ae8a/locations/-/functions filter=environment%3D%22GEN_2%22
[debug] [2024-01-05T21:44:30.544Z] <<< [apiv2][status] GET https://cloudfunctions.googleapis.com/v2/projects/pigly-7ae8a/locations/-/functions 200
[debug] [2024-01-05T21:44:30.544Z] <<< [apiv2][body] GET https://cloudfunctions.googleapis.com/v2/projects/pigly-7ae8a/locations/-/functions {"functions":[{"name":"projects/pigly-7ae8a/locations/us-central1/functions/helloWorld","buildConfig":{"runtime":"nodejs18","entryPoint":"helloWorld","source":{"storageSource":{"bucket":"gcf-v2-sources-952157141305-us-central1","object":"helloWorld/function-source.zip","generation":"1704489319331233"}},"environmentVariables":{"GOOGLE_NODE_RUN_SCRIPTS":""},"sourceProvenance":{},"dockerRegistry":"ARTIFACT_REGISTRY"},"state":"FAILED","updateTime":"2024-01-05T21:15:21.758248130Z","labels":{"deployment-tool":"cli-firebase","firebase-functions-hash":"301158dcc851d649a963f535f5559cbf4cd35740"},"stateMessages":[{"severity":"ERROR","type":"CloudRunServiceNotFound","message":"Cloud Run service projects/pigly-7ae8a/locations/us-central1/services/helloworld for the function was not found. The function will not work correctly. Please redeploy."}],"environment":"GEN_2","url":"https://us-central1-pigly-7ae8a.cloudfunctions.net/helloWorld"}]}
[info] i  functions: ensuring required API run.googleapis.com is enabled... 
[info] i  functions: ensuring required API eventarc.googleapis.com is enabled... 
[info] i  functions: ensuring required API pubsub.googleapis.com is enabled... 
[info] i  functions: ensuring required API storage.googleapis.com is enabled... 
[debug] [2024-01-05T21:44:30.548Z] >>> [apiv2][query] GET https://serviceusage.googleapis.com/v1/projects/pigly-7ae8a/services/run.googleapis.com [none]
[debug] [2024-01-05T21:44:30.549Z] >>> [apiv2][(partial)header] GET https://serviceusage.googleapis.com/v1/projects/pigly-7ae8a/services/run.googleapis.com x-goog-quota-user=projects/pigly-7ae8a
[debug] [2024-01-05T21:44:30.551Z] >>> [apiv2][query] GET https://serviceusage.googleapis.com/v1/projects/pigly-7ae8a/services/eventarc.googleapis.com [none]
[debug] [2024-01-05T21:44:30.551Z] >>> [apiv2][(partial)header] GET https://serviceusage.googleapis.com/v1/projects/pigly-7ae8a/services/eventarc.googleapis.com x-goog-quota-user=projects/pigly-7ae8a
[debug] [2024-01-05T21:44:30.553Z] >>> [apiv2][query] GET https://serviceusage.googleapis.com/v1/projects/pigly-7ae8a/services/pubsub.googleapis.com [none]
[debug] [2024-01-05T21:44:30.553Z] >>> [apiv2][(partial)header] GET https://serviceusage.googleapis.com/v1/projects/pigly-7ae8a/services/pubsub.googleapis.com x-goog-quota-user=projects/pigly-7ae8a
[debug] [2024-01-05T21:44:30.554Z] >>> [apiv2][query] GET https://serviceusage.googleapis.com/v1/projects/pigly-7ae8a/services/storage.googleapis.com [none]
[debug] [2024-01-05T21:44:30.554Z] >>> [apiv2][(partial)header] GET https://serviceusage.googleapis.com/v1/projects/pigly-7ae8a/services/storage.googleapis.com x-goog-quota-user=projects/pigly-7ae8a
[debug] [2024-01-05T21:44:31.750Z] <<< [apiv2][status] GET https://serviceusage.googleapis.com/v1/projects/pigly-7ae8a/services/storage.googleapis.com 200
[debug] [2024-01-05T21:44:31.750Z] <<< [apiv2][body] GET https://serviceusage.googleapis.com/v1/projects/pigly-7ae8a/services/storage.googleapis.com [omitted]
[info] ✔  functions: required API storage.googleapis.com is enabled 
[debug] [2024-01-05T21:44:31.751Z] <<< [apiv2][status] GET https://serviceusage.googleapis.com/v1/projects/pigly-7ae8a/services/eventarc.googleapis.com 200
[debug] [2024-01-05T21:44:31.751Z] <<< [apiv2][body] GET https://serviceusage.googleapis.com/v1/projects/pigly-7ae8a/services/eventarc.googleapis.com [omitted]
[info] ✔  functions: required API eventarc.googleapis.com is enabled 
[debug] [2024-01-05T21:44:31.753Z] <<< [apiv2][status] GET https://serviceusage.googleapis.com/v1/projects/pigly-7ae8a/services/pubsub.googleapis.com 200
[debug] [2024-01-05T21:44:31.753Z] <<< [apiv2][body] GET https://serviceusage.googleapis.com/v1/projects/pigly-7ae8a/services/pubsub.googleapis.com [omitted]
[info] ✔  functions: required API pubsub.googleapis.com is enabled 
[debug] [2024-01-05T21:44:31.754Z] <<< [apiv2][status] GET https://serviceusage.googleapis.com/v1/projects/pigly-7ae8a/services/run.googleapis.com 200
[debug] [2024-01-05T21:44:31.754Z] <<< [apiv2][body] GET https://serviceusage.googleapis.com/v1/projects/pigly-7ae8a/services/run.googleapis.com [omitted]
[info] ✔  functions: required API run.googleapis.com is enabled 
[info] i  functions: generating the service identity for pubsub.googleapis.com... 
[info] i  functions: generating the service identity for eventarc.googleapis.com... 
[debug] [2024-01-05T21:44:31.755Z] >>> [apiv2][query] POST https://serviceusage.googleapis.com/v1beta1/projects/952157141305/services/pubsub.googleapis.com:generateServiceIdentity [none]
[debug] [2024-01-05T21:44:31.755Z] >>> [apiv2][query] POST https://serviceusage.googleapis.com/v1beta1/projects/952157141305/services/eventarc.googleapis.com:generateServiceIdentity [none]
[debug] [2024-01-05T21:44:32.391Z] <<< [apiv2][status] POST https://serviceusage.googleapis.com/v1beta1/projects/952157141305/services/eventarc.googleapis.com:generateServiceIdentity 200
[debug] [2024-01-05T21:44:32.392Z] <<< [apiv2][body] POST https://serviceusage.googleapis.com/v1beta1/projects/952157141305/services/eventarc.googleapis.com:generateServiceIdentity {"name":"operations/finished.DONE_OPERATION","done":true,"response":{"@type":"type.googleapis.com/google.api.serviceusage.v1beta1.ServiceIdentity","email":"service-952157141305@gcp-sa-eventarc.iam.gserviceaccount.com","uniqueId":"102228411761487147021"}}
[debug] [2024-01-05T21:44:32.392Z] <<< [apiv2][status] POST https://serviceusage.googleapis.com/v1beta1/projects/952157141305/services/pubsub.googleapis.com:generateServiceIdentity 200
[debug] [2024-01-05T21:44:32.392Z] <<< [apiv2][body] POST https://serviceusage.googleapis.com/v1beta1/projects/952157141305/services/pubsub.googleapis.com:generateServiceIdentity {"name":"operations/finished.DONE_OPERATION","done":true,"response":{"@type":"type.googleapis.com/google.api.serviceusage.v1beta1.ServiceIdentity","email":"service-952157141305@gcp-sa-pubsub.iam.gserviceaccount.com","uniqueId":"100029113151298396665"}}
[debug] [2024-01-05T21:44:32.395Z] >>> [apiv2][query] GET https://firebase.googleapis.com/v1beta1/projects/pigly-7ae8a [none]
[debug] [2024-01-05T21:44:32.798Z] <<< [apiv2][status] GET https://firebase.googleapis.com/v1beta1/projects/pigly-7ae8a 200
[debug] [2024-01-05T21:44:32.798Z] <<< [apiv2][body] GET https://firebase.googleapis.com/v1beta1/projects/pigly-7ae8a {"projectId":"pigly-7ae8a","projectNumber":"952157141305","displayName":"Pigly","name":"projects/pigly-7ae8a","resources":{"hostingSite":"pigly-7ae8a"},"state":"ACTIVE","etag":"1_6d7a09b9-dc4e-4304-aea2-f4e0ad43d013"}
[debug] [2024-01-05T21:44:32.802Z] >>> [apiv2][query] POST https://cloudfunctions.googleapis.com/v2/projects/pigly-7ae8a/locations/us-central1/functions:generateUploadUrl [none]
[debug] [2024-01-05T21:44:33.587Z] <<< [apiv2][status] POST https://cloudfunctions.googleapis.com/v2/projects/pigly-7ae8a/locations/us-central1/functions:generateUploadUrl 200
[debug] [2024-01-05T21:44:33.588Z] <<< [apiv2][body] POST https://cloudfunctions.googleapis.com/v2/projects/pigly-7ae8a/locations/us-central1/functions:generateUploadUrl {"uploadUrl":"https://storage.googleapis.com/gcf-v2-uploads-952157141305-us-central1/914b6e4d-7db6-465f-be2f-4d17e9247e5a.zip?GoogleAccessId=service-952157141305@gcf-admin-robot.iam.gserviceaccount.com&Expires=1704492873&Signature=rxkBA84npBCGMXu2qEYU70xI%2F%2BdsWpRkt%2BWXi9BIJxLKOxoudSxaHLSR3oNhy6X0RFCZ1AfYLWuyV%2BBKEUG49Wegp%2B8m2JMVISYVAC6kx4c6fsvc%2FDd9Urlqq6tjE5CWcyTJKF9%2BNTednT6AULkMvv6WgjRvgYAuQZ3jGq%2FchSoUgcFuLPKhBcoC%2FAUbPpyZrMCzZ9Pp3716QMLaBvMKjTTdHFhx1JizjhZOp%2Fy1SsG22oQbKJpGmADkViQpYiclHuLW5gVXBtLa3121hbYQyPB%2FA8yYNGeSs5uox1Bj26ouV%2BzaTav94sM%2BLLuQYKLoJ%2FQYRMLCUItcoFZj6%2BNwww%3D%3D","storageSource":{"bucket":"gcf-v2-uploads-952157141305-us-central1","object":"914b6e4d-7db6-465f-be2f-4d17e9247e5a.zip"}}
[debug] [2024-01-05T21:44:33.589Z] >>> [apiv2][query] PUT https://storage.googleapis.com/gcf-v2-uploads-952157141305-us-central1/914b6e4d-7db6-465f-be2f-4d17e9247e5a.zip GoogleAccessId=service-952157141305%40gcf-admin-robot.iam.gserviceaccount.com&Expires=1704492873&Signature=rxkBA84npBCGMXu2qEYU70xI%2F%2BdsWpRkt%2BWXi9BIJxLKOxoudSxaHLSR3oNhy6X0RFCZ1AfYLWuyV%2BBKEUG49Wegp%2B8m2JMVISYVAC6kx4c6fsvc%2FDd9Urlqq6tjE5CWcyTJKF9%2BNTednT6AULkMvv6WgjRvgYAuQZ3jGq%2FchSoUgcFuLPKhBcoC%2FAUbPpyZrMCzZ9Pp3716QMLaBvMKjTTdHFhx1JizjhZOp%2Fy1SsG22oQbKJpGmADkViQpYiclHuLW5gVXBtLa3121hbYQyPB%2FA8yYNGeSs5uox1Bj26ouV%2BzaTav94sM%2BLLuQYKLoJ%2FQYRMLCUItcoFZj6%2BNwww%3D%3D
[debug] [2024-01-05T21:44:33.589Z] >>> [apiv2][body] PUT https://storage.googleapis.com/gcf-v2-uploads-952157141305-us-central1/914b6e4d-7db6-465f-be2f-4d17e9247e5a.zip [stream]
[debug] [2024-01-05T21:44:34.714Z] <<< [apiv2][status] PUT https://storage.googleapis.com/gcf-v2-uploads-952157141305-us-central1/914b6e4d-7db6-465f-be2f-4d17e9247e5a.zip 200
[debug] [2024-01-05T21:44:34.715Z] <<< [apiv2][body] PUT https://storage.googleapis.com/gcf-v2-uploads-952157141305-us-central1/914b6e4d-7db6-465f-be2f-4d17e9247e5a.zip [omitted]
[info] ✔  functions: functions folder uploaded successfully 
[info] i  functions: updating Node.js 18 (2nd Gen) function helloWorld(us-central1)... 
[debug] [2024-01-05T21:44:34.723Z] >>> [apiv2][query] PATCH https://cloudfunctions.googleapis.com/v2/projects/pigly-7ae8a/locations/us-central1/functions/helloWorld updateMask=name%2CbuildConfig.runtime%2CbuildConfig.entryPoint%2CbuildConfig.source.storageSource.bucket%2CbuildConfig.source.storageSource.object%2CbuildConfig.environmentVariables%2CbuildConfig.sourceToken%2CserviceConfig.environmentVariables%2CserviceConfig.ingressSettings%2CserviceConfig.timeoutSeconds%2CserviceConfig.serviceAccountEmail%2CserviceConfig.availableMemory%2CserviceConfig.minInstanceCount%2CserviceConfig.maxInstanceCount%2CserviceConfig.maxInstanceRequestConcurrency%2CserviceConfig.availableCpu%2CserviceConfig.vpcConnector%2CserviceConfig.vpcConnectorEgressSettings%2Clabels%2CbuildConfig.buildEnvironmentVariables
[debug] [2024-01-05T21:44:34.723Z] >>> [apiv2][body] PATCH https://cloudfunctions.googleapis.com/v2/projects/pigly-7ae8a/locations/us-central1/functions/helloWorld {"name":"projects/pigly-7ae8a/locations/us-central1/functions/helloWorld","buildConfig":{"runtime":"nodejs18","entryPoint":"helloWorld","source":{"storageSource":{"bucket":"gcf-v2-uploads-952157141305-us-central1","object":"914b6e4d-7db6-465f-be2f-4d17e9247e5a.zip"}},"environmentVariables":{"GOOGLE_NODE_RUN_SCRIPTS":""}},"serviceConfig":{"environmentVariables":{"FIREBASE_CONFIG":"{\"projectId\":\"pigly-7ae8a\",\"storageBucket\":\"pigly-7ae8a.appspot.com\"}","GCLOUD_PROJECT":"pigly-7ae8a","EVENTARC_CLOUD_EVENT_SOURCE":"projects/pigly-7ae8a/locations/us-central1/services/helloWorld","FUNCTION_TARGET":"helloWorld"},"ingressSettings":null,"timeoutSeconds":null,"serviceAccountEmail":null,"availableMemory":"256Mi","minInstanceCount":null,"maxInstanceCount":null,"maxInstanceRequestConcurrency":80,"availableCpu":"1","vpcConnector":null,"vpcConnectorEgressSettings":null},"labels":{"deployment-tool":"cli-firebase","firebase-functions-hash":"b3246c1b0852ad90713b0f59b442c98b05ede82d"}}
[debug] [2024-01-05T21:44:36.141Z] <<< [apiv2][status] PATCH https://cloudfunctions.googleapis.com/v2/projects/pigly-7ae8a/locations/us-central1/functions/helloWorld 200
[debug] [2024-01-05T21:44:36.142Z] <<< [apiv2][body] PATCH https://cloudfunctions.googleapis.com/v2/projects/pigly-7ae8a/locations/us-central1/functions/helloWorld {"name":"projects/pigly-7ae8a/locations/us-central1/operations/operation-1704491075344-60e39c111988b-a5bc6be2-7490bb89","metadata":{"@type":"type.googleapis.com/google.cloud.functions.v2.OperationMetadata","createTime":"2024-01-05T21:44:36.020801212Z","target":"projects/pigly-7ae8a/locations/us-central1/functions/helloWorld","verb":"update","cancelRequested":false,"apiVersion":"v2"},"done":false}
[debug] [2024-01-05T21:44:36.144Z] >>> [apiv2][query] GET https://cloudfunctions.googleapis.com/v2/projects/pigly-7ae8a/locations/us-central1/operations/operation-1704491075344-60e39c111988b-a5bc6be2-7490bb89 [none]
[debug] [2024-01-05T21:44:36.830Z] <<< [apiv2][status] GET https://cloudfunctions.googleapis.com/v2/projects/pigly-7ae8a/locations/us-central1/operations/operation-1704491075344-60e39c111988b-a5bc6be2-7490bb89 200
[debug] [2024-01-05T21:44:36.830Z] <<< [apiv2][body] GET https://cloudfunctions.googleapis.com/v2/projects/pigly-7ae8a/locations/us-central1/operations/operation-1704491075344-60e39c111988b-a5bc6be2-7490bb89 {"name":"projects/pigly-7ae8a/locations/us-central1/operations/operation-1704491075344-60e39c111988b-a5bc6be2-7490bb89","metadata":{"@type":"type.googleapis.com/google.cloud.functions.v2.OperationMetadata","createTime":"2024-01-05T21:44:36.020801212Z","target":"projects/pigly-7ae8a/locations/us-central1/functions/helloWorld","verb":"update","cancelRequested":false,"apiVersion":"v2","requestResource":{"@type":"type.googleapis.com/google.cloud.functions.v2.Function","name":"projects/pigly-7ae8a/locations/us-central1/functions/helloWorld","buildConfig":{"runtime":"nodejs18","entryPoint":"helloWorld","source":{"storageSource":{"bucket":"gcf-v2-sources-952157141305-us-central1","object":"helloWorld/function-source.zip","generation":"1704491075958974"}},"environmentVariables":{"GOOGLE_NODE_RUN_SCRIPTS":""},"sourceProvenance":{},"dockerRegistry":"ARTIFACT_REGISTRY"},"serviceConfig":{"service":"projects/pigly-7ae8a/locations/us-central1/services/helloworld","timeoutSeconds":60,"environmentVariables":{"FIREBASE_CONFIG":"{\"projectId\":\"pigly-7ae8a\",\"storageBucket\":\"pigly-7ae8a.appspot.com\"}","GCLOUD_PROJECT":"pigly-7ae8a","EVENTARC_CLOUD_EVENT_SOURCE":"projects/pigly-7ae8a/locations/us-central1/services/helloWorld","FUNCTION_TARGET":"helloWorld"},"maxInstanceCount":100,"ingressSettings":"ALLOW_ALL","serviceAccountEmail":"952157141305-compute@developer.gserviceaccount.com","availableMemory":"256Mi","maxInstanceRequestConcurrency":80,"availableCpu":"1"},"state":"FAILED","labels":{"firebase-functions-hash":"b3246c1b0852ad90713b0f59b442c98b05ede82d"},"stateMessages":[{"severity":"ERROR","type":"CloudRunServiceNotFound","message":"Cloud Run service projects/pigly-7ae8a/locations/us-central1/services/helloworld for the function was not found. The function will not work correctly. Please redeploy."}],"environment":"GEN_2","url":"https://us-central1-pigly-7ae8a.cloudfunctions.net/helloWorld"},"stages":[{"name":"BUILD","state":"NOT_STARTED"},{"name":"SERVICE","state":"NOT_STARTED"}],"operationType":"UPDATE_FUNCTION"},"done":false}
[debug] [2024-01-05T21:44:37.333Z] [update-default-us-central1-helloWorld] Retrying task index 0
[debug] [2024-01-05T21:44:37.334Z] >>> [apiv2][query] GET https://cloudfunctions.googleapis.com/v2/projects/pigly-7ae8a/locations/us-central1/operations/operation-1704491075344-60e39c111988b-a5bc6be2-7490bb89 [none]
[debug] [2024-01-05T21:44:37.550Z] <<< [apiv2][status] GET https://cloudfunctions.googleapis.com/v2/projects/pigly-7ae8a/locations/us-central1/operations/operation-1704491075344-60e39c111988b-a5bc6be2-7490bb89 200
[debug] [2024-01-05T21:44:37.550Z] <<< [apiv2][body] GET https://cloudfunctions.googleapis.com/v2/projects/pigly-7ae8a/locations/us-central1/operations/operation-1704491075344-60e39c111988b-a5bc6be2-7490bb89 {"name":"projects/pigly-7ae8a/locations/us-central1/operations/operation-1704491075344-60e39c111988b-a5bc6be2-7490bb89","metadata":{"@type":"type.googleapis.com/google.cloud.functions.v2.OperationMetadata","createTime":"2024-01-05T21:44:36.020801212Z","target":"projects/pigly-7ae8a/locations/us-central1/functions/helloWorld","verb":"update","cancelRequested":false,"apiVersion":"v2","requestResource":{"@type":"type.googleapis.com/google.cloud.functions.v2.Function","name":"projects/pigly-7ae8a/locations/us-central1/functions/helloWorld","buildConfig":{"runtime":"nodejs18","entryPoint":"helloWorld","source":{"storageSource":{"bucket":"gcf-v2-sources-952157141305-us-central1","object":"helloWorld/function-source.zip","generation":"1704491075958974"}},"environmentVariables":{"GOOGLE_NODE_RUN_SCRIPTS":""},"sourceProvenance":{},"dockerRegistry":"ARTIFACT_REGISTRY"},"serviceConfig":{"service":"projects/pigly-7ae8a/locations/us-central1/services/helloworld","timeoutSeconds":60,"environmentVariables":{"FIREBASE_CONFIG":"{\"projectId\":\"pigly-7ae8a\",\"storageBucket\":\"pigly-7ae8a.appspot.com\"}","GCLOUD_PROJECT":"pigly-7ae8a","EVENTARC_CLOUD_EVENT_SOURCE":"projects/pigly-7ae8a/locations/us-central1/services/helloWorld","FUNCTION_TARGET":"helloWorld"},"maxInstanceCount":100,"ingressSettings":"ALLOW_ALL","serviceAccountEmail":"952157141305-compute@developer.gserviceaccount.com","availableMemory":"256Mi","maxInstanceRequestConcurrency":80,"availableCpu":"1"},"state":"FAILED","labels":{"firebase-functions-hash":"b3246c1b0852ad90713b0f59b442c98b05ede82d"},"stateMessages":[{"severity":"ERROR","type":"CloudRunServiceNotFound","message":"Cloud Run service projects/pigly-7ae8a/locations/us-central1/services/helloworld for the function was not found. The function will not work correctly. Please redeploy."}],"environment":"GEN_2","url":"https://us-central1-pigly-7ae8a.cloudfunctions.net/helloWorld"},"stages":[{"name":"BUILD","state":"NOT_STARTED"},{"name":"SERVICE","state":"NOT_STARTED"}],"operationType":"UPDATE_FUNCTION"},"done":false}
[debug] [2024-01-05T21:44:38.551Z] [update-default-us-central1-helloWorld] Retrying task index 0
[debug] [2024-01-05T21:44:38.552Z] >>> [apiv2][query] GET https://cloudfunctions.googleapis.com/v2/projects/pigly-7ae8a/locations/us-central1/operations/operation-1704491075344-60e39c111988b-a5bc6be2-7490bb89 [none]
[debug] [2024-01-05T21:44:39.262Z] <<< [apiv2][status] GET https://cloudfunctions.googleapis.com/v2/projects/pigly-7ae8a/locations/us-central1/operations/operation-1704491075344-60e39c111988b-a5bc6be2-7490bb89 200
[debug] [2024-01-05T21:44:39.262Z] <<< [apiv2][body] GET https://cloudfunctions.googleapis.com/v2/projects/pigly-7ae8a/locations/us-central1/operations/operation-1704491075344-60e39c111988b-a5bc6be2-7490bb89 {"name":"projects/pigly-7ae8a/locations/us-central1/operations/operation-1704491075344-60e39c111988b-a5bc6be2-7490bb89","metadata":{"@type":"type.googleapis.com/google.cloud.functions.v2.OperationMetadata","createTime":"2024-01-05T21:44:36.020801212Z","target":"projects/pigly-7ae8a/locations/us-central1/functions/helloWorld","verb":"update","cancelRequested":false,"apiVersion":"v2","requestResource":{"@type":"type.googleapis.com/google.cloud.functions.v2.Function","name":"projects/pigly-7ae8a/locations/us-central1/functions/helloWorld","buildConfig":{"runtime":"nodejs18","entryPoint":"helloWorld","source":{"storageSource":{"bucket":"gcf-v2-sources-952157141305-us-central1","object":"helloWorld/function-source.zip","generation":"1704491075958974"}},"environmentVariables":{"GOOGLE_NODE_RUN_SCRIPTS":""},"sourceProvenance":{},"dockerRegistry":"ARTIFACT_REGISTRY"},"serviceConfig":{"service":"projects/pigly-7ae8a/locations/us-central1/services/helloworld","timeoutSeconds":60,"environmentVariables":{"FIREBASE_CONFIG":"{\"projectId\":\"pigly-7ae8a\",\"storageBucket\":\"pigly-7ae8a.appspot.com\"}","GCLOUD_PROJECT":"pigly-7ae8a","EVENTARC_CLOUD_EVENT_SOURCE":"projects/pigly-7ae8a/locations/us-central1/services/helloWorld","FUNCTION_TARGET":"helloWorld"},"maxInstanceCount":100,"ingressSettings":"ALLOW_ALL","serviceAccountEmail":"952157141305-compute@developer.gserviceaccount.com","availableMemory":"256Mi","maxInstanceRequestConcurrency":80,"availableCpu":"1"},"state":"FAILED","labels":{"firebase-functions-hash":"b3246c1b0852ad90713b0f59b442c98b05ede82d"},"stateMessages":[{"severity":"ERROR","type":"CloudRunServiceNotFound","message":"Cloud Run service projects/pigly-7ae8a/locations/us-central1/services/helloworld for the function was not found. The function will not work correctly. Please redeploy."}],"environment":"GEN_2","url":"https://us-central1-pigly-7ae8a.cloudfunctions.net/helloWorld"},"stages":[{"name":"BUILD","state":"NOT_STARTED"},{"name":"SERVICE","state":"NOT_STARTED"}],"operationType":"UPDATE_FUNCTION"},"done":false}
[debug] [2024-01-05T21:44:41.264Z] [update-default-us-central1-helloWorld] Retrying task index 0
[debug] [2024-01-05T21:44:41.265Z] >>> [apiv2][query] GET https://cloudfunctions.googleapis.com/v2/projects/pigly-7ae8a/locations/us-central1/operations/operation-1704491075344-60e39c111988b-a5bc6be2-7490bb89 [none]
[debug] [2024-01-05T21:44:41.434Z] <<< [apiv2][status] GET https://cloudfunctions.googleapis.com/v2/projects/pigly-7ae8a/locations/us-central1/operations/operation-1704491075344-60e39c111988b-a5bc6be2-7490bb89 200
[debug] [2024-01-05T21:44:41.435Z] <<< [apiv2][body] GET https://cloudfunctions.googleapis.com/v2/projects/pigly-7ae8a/locations/us-central1/operations/operation-1704491075344-60e39c111988b-a5bc6be2-7490bb89 {"name":"projects/pigly-7ae8a/locations/us-central1/operations/operation-1704491075344-60e39c111988b-a5bc6be2-7490bb89","metadata":{"@type":"type.googleapis.com/google.cloud.functions.v2.OperationMetadata","createTime":"2024-01-05T21:44:36.020801212Z","target":"projects/pigly-7ae8a/locations/us-central1/functions/helloWorld","verb":"update","cancelRequested":false,"apiVersion":"v2","requestResource":{"@type":"type.googleapis.com/google.cloud.functions.v2.Function","name":"projects/pigly-7ae8a/locations/us-central1/functions/helloWorld","buildConfig":{"runtime":"nodejs18","entryPoint":"helloWorld","source":{"storageSource":{"bucket":"gcf-v2-sources-952157141305-us-central1","object":"helloWorld/function-source.zip","generation":"1704491075958974"}},"environmentVariables":{"GOOGLE_NODE_RUN_SCRIPTS":""},"sourceProvenance":{},"dockerRegistry":"ARTIFACT_REGISTRY"},"serviceConfig":{"service":"projects/pigly-7ae8a/locations/us-central1/services/helloworld","timeoutSeconds":60,"environmentVariables":{"FIREBASE_CONFIG":"{\"projectId\":\"pigly-7ae8a\",\"storageBucket\":\"pigly-7ae8a.appspot.com\"}","GCLOUD_PROJECT":"pigly-7ae8a","EVENTARC_CLOUD_EVENT_SOURCE":"projects/pigly-7ae8a/locations/us-central1/services/helloWorld","FUNCTION_TARGET":"helloWorld"},"maxInstanceCount":100,"ingressSettings":"ALLOW_ALL","serviceAccountEmail":"952157141305-compute@developer.gserviceaccount.com","availableMemory":"256Mi","maxInstanceRequestConcurrency":80,"availableCpu":"1"},"state":"FAILED","labels":{"firebase-functions-hash":"b3246c1b0852ad90713b0f59b442c98b05ede82d"},"stateMessages":[{"severity":"ERROR","type":"CloudRunServiceNotFound","message":"Cloud Run service projects/pigly-7ae8a/locations/us-central1/services/helloworld for the function was not found. The function will not work correctly. Please redeploy."}],"environment":"GEN_2","url":"https://us-central1-pigly-7ae8a.cloudfunctions.net/helloWorld"},"stages":[{"name":"BUILD","state":"NOT_STARTED"},{"name":"SERVICE","state":"NOT_STARTED"}],"operationType":"UPDATE_FUNCTION"},"done":false}
[debug] [2024-01-05T21:44:45.437Z] [update-default-us-central1-helloWorld] Retrying task index 0
[debug] [2024-01-05T21:44:45.438Z] >>> [apiv2][query] GET https://cloudfunctions.googleapis.com/v2/projects/pigly-7ae8a/locations/us-central1/operations/operation-1704491075344-60e39c111988b-a5bc6be2-7490bb89 [none]
[debug] [2024-01-05T21:44:45.598Z] <<< [apiv2][status] GET https://cloudfunctions.googleapis.com/v2/projects/pigly-7ae8a/locations/us-central1/operations/operation-1704491075344-60e39c111988b-a5bc6be2-7490bb89 200
[debug] [2024-01-05T21:44:45.599Z] <<< [apiv2][body] GET https://cloudfunctions.googleapis.com/v2/projects/pigly-7ae8a/locations/us-central1/operations/operation-1704491075344-60e39c111988b-a5bc6be2-7490bb89 {"name":"projects/pigly-7ae8a/locations/us-central1/operations/operation-1704491075344-60e39c111988b-a5bc6be2-7490bb89","metadata":{"@type":"type.googleapis.com/google.cloud.functions.v2.OperationMetadata","createTime":"2024-01-05T21:44:36.020801212Z","target":"projects/pigly-7ae8a/locations/us-central1/functions/helloWorld","verb":"update","cancelRequested":false,"apiVersion":"v2","requestResource":{"@type":"type.googleapis.com/google.cloud.functions.v2.Function","name":"projects/pigly-7ae8a/locations/us-central1/functions/helloWorld","buildConfig":{"runtime":"nodejs18","entryPoint":"helloWorld","source":{"storageSource":{"bucket":"gcf-v2-sources-952157141305-us-central1","object":"helloWorld/function-source.zip","generation":"1704491075958974"}},"environmentVariables":{"GOOGLE_NODE_RUN_SCRIPTS":""},"sourceProvenance":{},"dockerRegistry":"ARTIFACT_REGISTRY"},"serviceConfig":{"service":"projects/pigly-7ae8a/locations/us-central1/services/helloworld","timeoutSeconds":60,"environmentVariables":{"FIREBASE_CONFIG":"{\"projectId\":\"pigly-7ae8a\",\"storageBucket\":\"pigly-7ae8a.appspot.com\"}","GCLOUD_PROJECT":"pigly-7ae8a","EVENTARC_CLOUD_EVENT_SOURCE":"projects/pigly-7ae8a/locations/us-central1/services/helloWorld","FUNCTION_TARGET":"helloWorld"},"maxInstanceCount":100,"ingressSettings":"ALLOW_ALL","serviceAccountEmail":"952157141305-compute@developer.gserviceaccount.com","availableMemory":"256Mi","maxInstanceRequestConcurrency":80,"availableCpu":"1"},"state":"FAILED","labels":{"firebase-functions-hash":"b3246c1b0852ad90713b0f59b442c98b05ede82d"},"stateMessages":[{"severity":"ERROR","type":"CloudRunServiceNotFound","message":"Cloud Run service projects/pigly-7ae8a/locations/us-central1/services/helloworld for the function was not found. The function will not work correctly. Please redeploy."}],"environment":"GEN_2","url":"https://us-central1-pigly-7ae8a.cloudfunctions.net/helloWorld"},"stages":[{"name":"BUILD","state":"NOT_STARTED"},{"name":"SERVICE","state":"NOT_STARTED"}],"operationType":"UPDATE_FUNCTION"},"done":false}
[debug] [2024-01-05T21:44:53.600Z] [update-default-us-central1-helloWorld] Retrying task index 0
[debug] [2024-01-05T21:44:53.601Z] >>> [apiv2][query] GET https://cloudfunctions.googleapis.com/v2/projects/pigly-7ae8a/locations/us-central1/operations/operation-1704491075344-60e39c111988b-a5bc6be2-7490bb89 [none]
[debug] [2024-01-05T21:44:54.349Z] <<< [apiv2][status] GET https://cloudfunctions.googleapis.com/v2/projects/pigly-7ae8a/locations/us-central1/operations/operation-1704491075344-60e39c111988b-a5bc6be2-7490bb89 200
[debug] [2024-01-05T21:44:54.349Z] <<< [apiv2][body] GET https://cloudfunctions.googleapis.com/v2/projects/pigly-7ae8a/locations/us-central1/operations/operation-1704491075344-60e39c111988b-a5bc6be2-7490bb89 {"name":"projects/pigly-7ae8a/locations/us-central1/operations/operation-1704491075344-60e39c111988b-a5bc6be2-7490bb89","metadata":{"@type":"type.googleapis.com/google.cloud.functions.v2.OperationMetadata","createTime":"2024-01-05T21:44:36.020801212Z","target":"projects/pigly-7ae8a/locations/us-central1/functions/helloWorld","verb":"update","cancelRequested":false,"apiVersion":"v2","requestResource":{"@type":"type.googleapis.com/google.cloud.functions.v2.Function","name":"projects/pigly-7ae8a/locations/us-central1/functions/helloWorld","buildConfig":{"runtime":"nodejs18","entryPoint":"helloWorld","source":{"storageSource":{"bucket":"gcf-v2-sources-952157141305-us-central1","object":"helloWorld/function-source.zip","generation":"1704491075958974"}},"environmentVariables":{"GOOGLE_NODE_RUN_SCRIPTS":""},"sourceProvenance":{},"dockerRegistry":"ARTIFACT_REGISTRY"},"serviceConfig":{"service":"projects/pigly-7ae8a/locations/us-central1/services/helloworld","timeoutSeconds":60,"environmentVariables":{"FIREBASE_CONFIG":"{\"projectId\":\"pigly-7ae8a\",\"storageBucket\":\"pigly-7ae8a.appspot.com\"}","GCLOUD_PROJECT":"pigly-7ae8a","EVENTARC_CLOUD_EVENT_SOURCE":"projects/pigly-7ae8a/locations/us-central1/services/helloWorld","FUNCTION_TARGET":"helloWorld"},"maxInstanceCount":100,"ingressSettings":"ALLOW_ALL","serviceAccountEmail":"952157141305-compute@developer.gserviceaccount.com","availableMemory":"256Mi","maxInstanceRequestConcurrency":80,"availableCpu":"1"},"state":"FAILED","labels":{"firebase-functions-hash":"b3246c1b0852ad90713b0f59b442c98b05ede82d"},"stateMessages":[{"severity":"ERROR","type":"CloudRunServiceNotFound","message":"Cloud Run service projects/pigly-7ae8a/locations/us-central1/services/helloworld for the function was not found. The function will not work correctly. Please redeploy."}],"environment":"GEN_2","url":"https://us-central1-pigly-7ae8a.cloudfunctions.net/helloWorld"},"stages":[{"name":"BUILD","message":"Build in progress","state":"IN_PROGRESS","resource":"projects/952157141305/locations/us-central1/builds/b7d0890e-e586-44b1-9251-f02a8eb0931e","resourceUri":"https://console.cloud.google.com/cloud-build/builds;region=us-central1/b7d0890e-e586-44b1-9251-f02a8eb0931e?project=952157141305"},{"name":"SERVICE","state":"NOT_STARTED"}],"operationType":"UPDATE_FUNCTION"},"done":false}
[debug] [2024-01-05T21:45:04.351Z] [update-default-us-central1-helloWorld] Retrying task index 0
[debug] [2024-01-05T21:45:04.351Z] >>> [apiv2][query] GET https://cloudfunctions.googleapis.com/v2/projects/pigly-7ae8a/locations/us-central1/operations/operation-1704491075344-60e39c111988b-a5bc6be2-7490bb89 [none]
[debug] [2024-01-05T21:45:05.479Z] <<< [apiv2][status] GET https://cloudfunctions.googleapis.com/v2/projects/pigly-7ae8a/locations/us-central1/operations/operation-1704491075344-60e39c111988b-a5bc6be2-7490bb89 200
[debug] [2024-01-05T21:45:05.480Z] <<< [apiv2][body] GET https://cloudfunctions.googleapis.com/v2/projects/pigly-7ae8a/locations/us-central1/operations/operation-1704491075344-60e39c111988b-a5bc6be2-7490bb89 {"name":"projects/pigly-7ae8a/locations/us-central1/operations/operation-1704491075344-60e39c111988b-a5bc6be2-7490bb89","metadata":{"@type":"type.googleapis.com/google.cloud.functions.v2.OperationMetadata","createTime":"2024-01-05T21:44:36.020801212Z","target":"projects/pigly-7ae8a/locations/us-central1/functions/helloWorld","verb":"update","cancelRequested":false,"apiVersion":"v2","requestResource":{"@type":"type.googleapis.com/google.cloud.functions.v2.Function","name":"projects/pigly-7ae8a/locations/us-central1/functions/helloWorld","buildConfig":{"runtime":"nodejs18","entryPoint":"helloWorld","source":{"storageSource":{"bucket":"gcf-v2-sources-952157141305-us-central1","object":"helloWorld/function-source.zip","generation":"1704491075958974"}},"environmentVariables":{"GOOGLE_NODE_RUN_SCRIPTS":""},"sourceProvenance":{},"dockerRegistry":"ARTIFACT_REGISTRY"},"serviceConfig":{"service":"projects/pigly-7ae8a/locations/us-central1/services/helloworld","timeoutSeconds":60,"environmentVariables":{"FIREBASE_CONFIG":"{\"projectId\":\"pigly-7ae8a\",\"storageBucket\":\"pigly-7ae8a.appspot.com\"}","GCLOUD_PROJECT":"pigly-7ae8a","EVENTARC_CLOUD_EVENT_SOURCE":"projects/pigly-7ae8a/locations/us-central1/services/helloWorld","FUNCTION_TARGET":"helloWorld"},"maxInstanceCount":100,"ingressSettings":"ALLOW_ALL","serviceAccountEmail":"952157141305-compute@developer.gserviceaccount.com","availableMemory":"256Mi","maxInstanceRequestConcurrency":80,"availableCpu":"1"},"state":"FAILED","labels":{"firebase-functions-hash":"b3246c1b0852ad90713b0f59b442c98b05ede82d"},"stateMessages":[{"severity":"ERROR","type":"CloudRunServiceNotFound","message":"Cloud Run service projects/pigly-7ae8a/locations/us-central1/services/helloworld for the function was not found. The function will not work correctly. Please redeploy."}],"environment":"GEN_2","url":"https://us-central1-pigly-7ae8a.cloudfunctions.net/helloWorld"},"stages":[{"name":"BUILD","message":"Build in progress","state":"IN_PROGRESS","resource":"projects/952157141305/locations/us-central1/builds/b7d0890e-e586-44b1-9251-f02a8eb0931e","resourceUri":"https://console.cloud.google.com/cloud-build/builds;region=us-central1/b7d0890e-e586-44b1-9251-f02a8eb0931e?project=952157141305"},{"name":"SERVICE","state":"NOT_STARTED"}],"operationType":"UPDATE_FUNCTION"},"done":false}
[debug] [2024-01-05T21:45:15.481Z] [update-default-us-central1-helloWorld] Retrying task index 0
[debug] [2024-01-05T21:45:15.482Z] >>> [apiv2][query] GET https://cloudfunctions.googleapis.com/v2/projects/pigly-7ae8a/locations/us-central1/operations/operation-1704491075344-60e39c111988b-a5bc6be2-7490bb89 [none]
[debug] [2024-01-05T21:45:16.218Z] <<< [apiv2][status] GET https://cloudfunctions.googleapis.com/v2/projects/pigly-7ae8a/locations/us-central1/operations/operation-1704491075344-60e39c111988b-a5bc6be2-7490bb89 200
[debug] [2024-01-05T21:45:16.218Z] <<< [apiv2][body] GET https://cloudfunctions.googleapis.com/v2/projects/pigly-7ae8a/locations/us-central1/operations/operation-1704491075344-60e39c111988b-a5bc6be2-7490bb89 {"name":"projects/pigly-7ae8a/locations/us-central1/operations/operation-1704491075344-60e39c111988b-a5bc6be2-7490bb89","metadata":{"@type":"type.googleapis.com/google.cloud.functions.v2.OperationMetadata","createTime":"2024-01-05T21:44:36.020801212Z","target":"projects/pigly-7ae8a/locations/us-central1/functions/helloWorld","verb":"update","cancelRequested":false,"apiVersion":"v2","requestResource":{"@type":"type.googleapis.com/google.cloud.functions.v2.Function","name":"projects/pigly-7ae8a/locations/us-central1/functions/helloWorld","buildConfig":{"runtime":"nodejs18","entryPoint":"helloWorld","source":{"storageSource":{"bucket":"gcf-v2-sources-952157141305-us-central1","object":"helloWorld/function-source.zip","generation":"1704491075958974"}},"environmentVariables":{"GOOGLE_NODE_RUN_SCRIPTS":""},"sourceProvenance":{},"dockerRegistry":"ARTIFACT_REGISTRY"},"serviceConfig":{"service":"projects/pigly-7ae8a/locations/us-central1/services/helloworld","timeoutSeconds":60,"environmentVariables":{"FIREBASE_CONFIG":"{\"projectId\":\"pigly-7ae8a\",\"storageBucket\":\"pigly-7ae8a.appspot.com\"}","GCLOUD_PROJECT":"pigly-7ae8a","EVENTARC_CLOUD_EVENT_SOURCE":"projects/pigly-7ae8a/locations/us-central1/services/helloWorld","FUNCTION_TARGET":"helloWorld"},"maxInstanceCount":100,"ingressSettings":"ALLOW_ALL","serviceAccountEmail":"952157141305-compute@developer.gserviceaccount.com","availableMemory":"256Mi","maxInstanceRequestConcurrency":80,"availableCpu":"1"},"state":"FAILED","labels":{"firebase-functions-hash":"b3246c1b0852ad90713b0f59b442c98b05ede82d"},"stateMessages":[{"severity":"ERROR","type":"CloudRunServiceNotFound","message":"Cloud Run service projects/pigly-7ae8a/locations/us-central1/services/helloworld for the function was not found. The function will not work correctly. Please redeploy."}],"environment":"GEN_2","url":"https://us-central1-pigly-7ae8a.cloudfunctions.net/helloWorld"},"stages":[{"name":"BUILD","message":"Build in progress","state":"IN_PROGRESS","resource":"projects/952157141305/locations/us-central1/builds/b7d0890e-e586-44b1-9251-f02a8eb0931e","resourceUri":"https://console.cloud.google.com/cloud-build/builds;region=us-central1/b7d0890e-e586-44b1-9251-f02a8eb0931e?project=952157141305"},{"name":"SERVICE","state":"NOT_STARTED"}],"operationType":"UPDATE_FUNCTION"},"done":false}
[debug] [2024-01-05T21:45:26.220Z] [update-default-us-central1-helloWorld] Retrying task index 0
[debug] [2024-01-05T21:45:26.221Z] >>> [apiv2][query] GET https://cloudfunctions.googleapis.com/v2/projects/pigly-7ae8a/locations/us-central1/operations/operation-1704491075344-60e39c111988b-a5bc6be2-7490bb89 [none]
[debug] [2024-01-05T21:45:27.073Z] <<< [apiv2][status] GET https://cloudfunctions.googleapis.com/v2/projects/pigly-7ae8a/locations/us-central1/operations/operation-1704491075344-60e39c111988b-a5bc6be2-7490bb89 200
[debug] [2024-01-05T21:45:27.074Z] <<< [apiv2][body] GET https://cloudfunctions.googleapis.com/v2/projects/pigly-7ae8a/locations/us-central1/operations/operation-1704491075344-60e39c111988b-a5bc6be2-7490bb89 {"name":"projects/pigly-7ae8a/locations/us-central1/operations/operation-1704491075344-60e39c111988b-a5bc6be2-7490bb89","metadata":{"@type":"type.googleapis.com/google.cloud.functions.v2.OperationMetadata","createTime":"2024-01-05T21:44:36.020801212Z","target":"projects/pigly-7ae8a/locations/us-central1/functions/helloWorld","verb":"update","cancelRequested":false,"apiVersion":"v2","requestResource":{"@type":"type.googleapis.com/google.cloud.functions.v2.Function","name":"projects/pigly-7ae8a/locations/us-central1/functions/helloWorld","buildConfig":{"runtime":"nodejs18","entryPoint":"helloWorld","source":{"storageSource":{"bucket":"gcf-v2-sources-952157141305-us-central1","object":"helloWorld/function-source.zip","generation":"1704491075958974"}},"environmentVariables":{"GOOGLE_NODE_RUN_SCRIPTS":""},"sourceProvenance":{},"dockerRegistry":"ARTIFACT_REGISTRY"},"serviceConfig":{"service":"projects/pigly-7ae8a/locations/us-central1/services/helloworld","timeoutSeconds":60,"environmentVariables":{"FIREBASE_CONFIG":"{\"projectId\":\"pigly-7ae8a\",\"storageBucket\":\"pigly-7ae8a.appspot.com\"}","GCLOUD_PROJECT":"pigly-7ae8a","EVENTARC_CLOUD_EVENT_SOURCE":"projects/pigly-7ae8a/locations/us-central1/services/helloWorld","FUNCTION_TARGET":"helloWorld"},"maxInstanceCount":100,"ingressSettings":"ALLOW_ALL","serviceAccountEmail":"952157141305-compute@developer.gserviceaccount.com","availableMemory":"256Mi","maxInstanceRequestConcurrency":80,"availableCpu":"1"},"state":"FAILED","labels":{"firebase-functions-hash":"b3246c1b0852ad90713b0f59b442c98b05ede82d"},"stateMessages":[{"severity":"ERROR","type":"CloudRunServiceNotFound","message":"Cloud Run service projects/pigly-7ae8a/locations/us-central1/services/helloworld for the function was not found. The function will not work correctly. Please redeploy."}],"environment":"GEN_2","url":"https://us-central1-pigly-7ae8a.cloudfunctions.net/helloWorld"},"stages":[{"name":"BUILD","message":"Build in progress","state":"IN_PROGRESS","resource":"projects/952157141305/locations/us-central1/builds/b7d0890e-e586-44b1-9251-f02a8eb0931e","resourceUri":"https://console.cloud.google.com/cloud-build/builds;region=us-central1/b7d0890e-e586-44b1-9251-f02a8eb0931e?project=952157141305"},{"name":"SERVICE","state":"NOT_STARTED"}],"operationType":"UPDATE_FUNCTION"},"done":false}
[debug] [2024-01-05T21:45:37.075Z] [update-default-us-central1-helloWorld] Retrying task index 0
[debug] [2024-01-05T21:45:37.076Z] >>> [apiv2][query] GET https://cloudfunctions.googleapis.com/v2/projects/pigly-7ae8a/locations/us-central1/operations/operation-1704491075344-60e39c111988b-a5bc6be2-7490bb89 [none]
[debug] [2024-01-05T21:45:37.434Z] <<< [apiv2][status] GET https://cloudfunctions.googleapis.com/v2/projects/pigly-7ae8a/locations/us-central1/operations/operation-1704491075344-60e39c111988b-a5bc6be2-7490bb89 200
[debug] [2024-01-05T21:45:37.435Z] <<< [apiv2][body] GET https://cloudfunctions.googleapis.com/v2/projects/pigly-7ae8a/locations/us-central1/operations/operation-1704491075344-60e39c111988b-a5bc6be2-7490bb89 {"name":"projects/pigly-7ae8a/locations/us-central1/operations/operation-1704491075344-60e39c111988b-a5bc6be2-7490bb89","metadata":{"@type":"type.googleapis.com/google.cloud.functions.v2.OperationMetadata","createTime":"2024-01-05T21:44:36.020801212Z","target":"projects/pigly-7ae8a/locations/us-central1/functions/helloWorld","verb":"update","cancelRequested":false,"apiVersion":"v2","requestResource":{"@type":"type.googleapis.com/google.cloud.functions.v2.Function","name":"projects/pigly-7ae8a/locations/us-central1/functions/helloWorld","buildConfig":{"runtime":"nodejs18","entryPoint":"helloWorld","source":{"storageSource":{"bucket":"gcf-v2-sources-952157141305-us-central1","object":"helloWorld/function-source.zip","generation":"1704491075958974"}},"environmentVariables":{"GOOGLE_NODE_RUN_SCRIPTS":""},"sourceProvenance":{},"dockerRegistry":"ARTIFACT_REGISTRY"},"serviceConfig":{"service":"projects/pigly-7ae8a/locations/us-central1/services/helloworld","timeoutSeconds":60,"environmentVariables":{"FIREBASE_CONFIG":"{\"projectId\":\"pigly-7ae8a\",\"storageBucket\":\"pigly-7ae8a.appspot.com\"}","GCLOUD_PROJECT":"pigly-7ae8a","EVENTARC_CLOUD_EVENT_SOURCE":"projects/pigly-7ae8a/locations/us-central1/services/helloWorld","FUNCTION_TARGET":"helloWorld"},"maxInstanceCount":100,"ingressSettings":"ALLOW_ALL","serviceAccountEmail":"952157141305-compute@developer.gserviceaccount.com","availableMemory":"256Mi","maxInstanceRequestConcurrency":80,"availableCpu":"1"},"state":"FAILED","labels":{"firebase-functions-hash":"b3246c1b0852ad90713b0f59b442c98b05ede82d"},"stateMessages":[{"severity":"ERROR","type":"CloudRunServiceNotFound","message":"Cloud Run service projects/pigly-7ae8a/locations/us-central1/services/helloworld for the function was not found. The function will not work correctly. Please redeploy."}],"environment":"GEN_2","url":"https://us-central1-pigly-7ae8a.cloudfunctions.net/helloWorld"},"stages":[{"name":"BUILD","message":"Build finished","state":"COMPLETE","resource":"projects/952157141305/locations/us-central1/builds/b7d0890e-e586-44b1-9251-f02a8eb0931e","resourceUri":"https://console.cloud.google.com/cloud-build/builds;region=us-central1/b7d0890e-e586-44b1-9251-f02a8eb0931e?project=952157141305"},{"name":"SERVICE","message":"Updating Cloud Run service","state":"IN_PROGRESS","resource":"projects/pigly-7ae8a/locations/us-central1/services/helloworld","resourceUri":"https://console.cloud.google.com/run/detail/us-central1/helloworld?project=pigly-7ae8a","stateMessages":[{"severity":"WARNING","type":"CloudRunServiceRecreated","message":"Cloud Run service projects/pigly-7ae8a/locations/us-central1/services/helloworld for the function was not found. The service was redeployed with default values."}]}],"sourceToken":"Cldwcm9qZWN0cy85NTIxNTcxNDEzMDUvbG9jYXRpb25zL3VzLWNlbnRyYWwxL2J1aWxkcy9iN2QwODkwZS1lNTg2LTQ0YjEtOTI1MS1mMDJhOGViMDkzMWUSSnVzLWNlbnRyYWwxLWRvY2tlci5wa2cuZGV2L3BpZ2x5LTdhZThhL2djZi1hcnRpZmFjdHMvaGVsbG9fd29ybGQ6dmVyc2lvbl8xGLny84fbGyI/cHJvamVjdHMvcGlnbHktN2FlOGEvbG9jYXRpb25zL3VzLWNlbnRyYWwxL2Z1bmN0aW9ucy9oZWxsb1dvcmxkKgsI+/DhrAYQyMC4KTIIbm9kZWpzMTg=","operationType":"UPDATE_FUNCTION"},"done":false}
[debug] [2024-01-05T21:45:37.435Z] Got source token Cldwcm9qZWN0cy85NTIxNTcxNDEzMDUvbG9jYXRpb25zL3VzLWNlbnRyYWwxL2J1aWxkcy9iN2QwODkwZS1lNTg2LTQ0YjEtOTI1MS1mMDJhOGViMDkzMWUSSnVzLWNlbnRyYWwxLWRvY2tlci5wa2cuZGV2L3BpZ2x5LTdhZThhL2djZi1hcnRpZmFjdHMvaGVsbG9fd29ybGQ6dmVyc2lvbl8xGLny84fbGyI/cHJvamVjdHMvcGlnbHktN2FlOGEvbG9jYXRpb25zL3VzLWNlbnRyYWwxL2Z1bmN0aW9ucy9oZWxsb1dvcmxkKgsI+/DhrAYQyMC4KTIIbm9kZWpzMTg= for region us-central1
[debug] [2024-01-05T21:45:47.437Z] [update-default-us-central1-helloWorld] Retrying task index 0
[debug] [2024-01-05T21:45:47.438Z] >>> [apiv2][query] GET https://cloudfunctions.googleapis.com/v2/projects/pigly-7ae8a/locations/us-central1/operations/operation-1704491075344-60e39c111988b-a5bc6be2-7490bb89 [none]
[debug] [2024-01-05T21:45:48.229Z] <<< [apiv2][status] GET https://cloudfunctions.googleapis.com/v2/projects/pigly-7ae8a/locations/us-central1/operations/operation-1704491075344-60e39c111988b-a5bc6be2-7490bb89 200
[debug] [2024-01-05T21:45:48.229Z] <<< [apiv2][body] GET https://cloudfunctions.googleapis.com/v2/projects/pigly-7ae8a/locations/us-central1/operations/operation-1704491075344-60e39c111988b-a5bc6be2-7490bb89 {"name":"projects/pigly-7ae8a/locations/us-central1/operations/operation-1704491075344-60e39c111988b-a5bc6be2-7490bb89","metadata":{"@type":"type.googleapis.com/google.cloud.functions.v2.OperationMetadata","createTime":"2024-01-05T21:44:36.020801212Z","target":"projects/pigly-7ae8a/locations/us-central1/functions/helloWorld","verb":"update","cancelRequested":false,"apiVersion":"v2","requestResource":{"@type":"type.googleapis.com/google.cloud.functions.v2.Function","name":"projects/pigly-7ae8a/locations/us-central1/functions/helloWorld","buildConfig":{"runtime":"nodejs18","entryPoint":"helloWorld","source":{"storageSource":{"bucket":"gcf-v2-sources-952157141305-us-central1","object":"helloWorld/function-source.zip","generation":"1704491075958974"}},"environmentVariables":{"GOOGLE_NODE_RUN_SCRIPTS":""},"sourceProvenance":{},"dockerRegistry":"ARTIFACT_REGISTRY"},"serviceConfig":{"service":"projects/pigly-7ae8a/locations/us-central1/services/helloworld","timeoutSeconds":60,"environmentVariables":{"FIREBASE_CONFIG":"{\"projectId\":\"pigly-7ae8a\",\"storageBucket\":\"pigly-7ae8a.appspot.com\"}","GCLOUD_PROJECT":"pigly-7ae8a","EVENTARC_CLOUD_EVENT_SOURCE":"projects/pigly-7ae8a/locations/us-central1/services/helloWorld","FUNCTION_TARGET":"helloWorld"},"maxInstanceCount":100,"ingressSettings":"ALLOW_ALL","serviceAccountEmail":"952157141305-compute@developer.gserviceaccount.com","availableMemory":"256Mi","maxInstanceRequestConcurrency":80,"availableCpu":"1"},"state":"FAILED","labels":{"firebase-functions-hash":"b3246c1b0852ad90713b0f59b442c98b05ede82d"},"stateMessages":[{"severity":"ERROR","type":"CloudRunServiceNotFound","message":"Cloud Run service projects/pigly-7ae8a/locations/us-central1/services/helloworld for the function was not found. The function will not work correctly. Please redeploy."}],"environment":"GEN_2","url":"https://us-central1-pigly-7ae8a.cloudfunctions.net/helloWorld"},"stages":[{"name":"BUILD","message":"Build finished","state":"COMPLETE","resource":"projects/952157141305/locations/us-central1/builds/b7d0890e-e586-44b1-9251-f02a8eb0931e","resourceUri":"https://console.cloud.google.com/cloud-build/builds;region=us-central1/b7d0890e-e586-44b1-9251-f02a8eb0931e?project=952157141305"},{"name":"SERVICE","message":"Updating Cloud Run service","state":"IN_PROGRESS","resource":"projects/pigly-7ae8a/locations/us-central1/services/helloworld","resourceUri":"https://console.cloud.google.com/run/detail/us-central1/helloworld?project=pigly-7ae8a","stateMessages":[{"severity":"WARNING","type":"CloudRunServiceRecreated","message":"Cloud Run service projects/pigly-7ae8a/locations/us-central1/services/helloworld for the function was not found. The service was redeployed with default values."}]}],"sourceToken":"Cldwcm9qZWN0cy85NTIxNTcxNDEzMDUvbG9jYXRpb25zL3VzLWNlbnRyYWwxL2J1aWxkcy9iN2QwODkwZS1lNTg2LTQ0YjEtOTI1MS1mMDJhOGViMDkzMWUSSnVzLWNlbnRyYWwxLWRvY2tlci5wa2cuZGV2L3BpZ2x5LTdhZThhL2djZi1hcnRpZmFjdHMvaGVsbG9fd29ybGQ6dmVyc2lvbl8xGLny84fbGyI/cHJvamVjdHMvcGlnbHktN2FlOGEvbG9jYXRpb25zL3VzLWNlbnRyYWwxL2Z1bmN0aW9ucy9oZWxsb1dvcmxkKgsI+/DhrAYQyMC4KTIIbm9kZWpzMTg=","operationType":"UPDATE_FUNCTION"},"done":false}
[debug] [2024-01-05T21:45:48.229Z] Got source token Cldwcm9qZWN0cy85NTIxNTcxNDEzMDUvbG9jYXRpb25zL3VzLWNlbnRyYWwxL2J1aWxkcy9iN2QwODkwZS1lNTg2LTQ0YjEtOTI1MS1mMDJhOGViMDkzMWUSSnVzLWNlbnRyYWwxLWRvY2tlci5wa2cuZGV2L3BpZ2x5LTdhZThhL2djZi1hcnRpZmFjdHMvaGVsbG9fd29ybGQ6dmVyc2lvbl8xGLny84fbGyI/cHJvamVjdHMvcGlnbHktN2FlOGEvbG9jYXRpb25zL3VzLWNlbnRyYWwxL2Z1bmN0aW9ucy9oZWxsb1dvcmxkKgsI+/DhrAYQyMC4KTIIbm9kZWpzMTg= for region us-central1
[debug] [2024-01-05T21:45:58.230Z] [update-default-us-central1-helloWorld] Retrying task index 0
[debug] [2024-01-05T21:45:58.231Z] >>> [apiv2][query] GET https://cloudfunctions.googleapis.com/v2/projects/pigly-7ae8a/locations/us-central1/operations/operation-1704491075344-60e39c111988b-a5bc6be2-7490bb89 [none]
[debug] [2024-01-05T21:45:59.128Z] <<< [apiv2][status] GET https://cloudfunctions.googleapis.com/v2/projects/pigly-7ae8a/locations/us-central1/operations/operation-1704491075344-60e39c111988b-a5bc6be2-7490bb89 200
[debug] [2024-01-05T21:45:59.129Z] <<< [apiv2][body] GET https://cloudfunctions.googleapis.com/v2/projects/pigly-7ae8a/locations/us-central1/operations/operation-1704491075344-60e39c111988b-a5bc6be2-7490bb89 {"name":"projects/pigly-7ae8a/locations/us-central1/operations/operation-1704491075344-60e39c111988b-a5bc6be2-7490bb89","metadata":{"@type":"type.googleapis.com/google.cloud.functions.v2.OperationMetadata","createTime":"2024-01-05T21:44:36.020801212Z","target":"projects/pigly-7ae8a/locations/us-central1/functions/helloWorld","verb":"update","cancelRequested":false,"apiVersion":"v2","requestResource":{"@type":"type.googleapis.com/google.cloud.functions.v2.Function","name":"projects/pigly-7ae8a/locations/us-central1/functions/helloWorld","buildConfig":{"runtime":"nodejs18","entryPoint":"helloWorld","source":{"storageSource":{"bucket":"gcf-v2-sources-952157141305-us-central1","object":"helloWorld/function-source.zip","generation":"1704491075958974"}},"environmentVariables":{"GOOGLE_NODE_RUN_SCRIPTS":""},"sourceProvenance":{},"dockerRegistry":"ARTIFACT_REGISTRY"},"serviceConfig":{"service":"projects/pigly-7ae8a/locations/us-central1/services/helloworld","timeoutSeconds":60,"environmentVariables":{"FIREBASE_CONFIG":"{\"projectId\":\"pigly-7ae8a\",\"storageBucket\":\"pigly-7ae8a.appspot.com\"}","GCLOUD_PROJECT":"pigly-7ae8a","EVENTARC_CLOUD_EVENT_SOURCE":"projects/pigly-7ae8a/locations/us-central1/services/helloWorld","FUNCTION_TARGET":"helloWorld"},"maxInstanceCount":100,"ingressSettings":"ALLOW_ALL","serviceAccountEmail":"952157141305-compute@developer.gserviceaccount.com","availableMemory":"256Mi","maxInstanceRequestConcurrency":80,"availableCpu":"1"},"state":"FAILED","labels":{"firebase-functions-hash":"b3246c1b0852ad90713b0f59b442c98b05ede82d"},"stateMessages":[{"severity":"ERROR","type":"CloudRunServiceNotFound","message":"Cloud Run service projects/pigly-7ae8a/locations/us-central1/services/helloworld for the function was not found. The function will not work correctly. Please redeploy."}],"environment":"GEN_2","url":"https://us-central1-pigly-7ae8a.cloudfunctions.net/helloWorld"},"stages":[{"name":"BUILD","message":"Build finished","state":"COMPLETE","resource":"projects/952157141305/locations/us-central1/builds/b7d0890e-e586-44b1-9251-f02a8eb0931e","resourceUri":"https://console.cloud.google.com/cloud-build/builds;region=us-central1/b7d0890e-e586-44b1-9251-f02a8eb0931e?project=952157141305"},{"name":"SERVICE","message":"Updating Cloud Run service","state":"IN_PROGRESS","resource":"projects/pigly-7ae8a/locations/us-central1/services/helloworld","resourceUri":"https://console.cloud.google.com/run/detail/us-central1/helloworld?project=pigly-7ae8a","stateMessages":[{"severity":"WARNING","type":"CloudRunServiceRecreated","message":"Cloud Run service projects/pigly-7ae8a/locations/us-central1/services/helloworld for the function was not found. The service was redeployed with default values."}]}],"sourceToken":"Cldwcm9qZWN0cy85NTIxNTcxNDEzMDUvbG9jYXRpb25zL3VzLWNlbnRyYWwxL2J1aWxkcy9iN2QwODkwZS1lNTg2LTQ0YjEtOTI1MS1mMDJhOGViMDkzMWUSSnVzLWNlbnRyYWwxLWRvY2tlci5wa2cuZGV2L3BpZ2x5LTdhZThhL2djZi1hcnRpZmFjdHMvaGVsbG9fd29ybGQ6dmVyc2lvbl8xGLny84fbGyI/cHJvamVjdHMvcGlnbHktN2FlOGEvbG9jYXRpb25zL3VzLWNlbnRyYWwxL2Z1bmN0aW9ucy9oZWxsb1dvcmxkKgsI+/DhrAYQyMC4KTIIbm9kZWpzMTg=","operationType":"UPDATE_FUNCTION"},"done":false}
[debug] [2024-01-05T21:45:59.129Z] Got source token Cldwcm9qZWN0cy85NTIxNTcxNDEzMDUvbG9jYXRpb25zL3VzLWNlbnRyYWwxL2J1aWxkcy9iN2QwODkwZS1lNTg2LTQ0YjEtOTI1MS1mMDJhOGViMDkzMWUSSnVzLWNlbnRyYWwxLWRvY2tlci5wa2cuZGV2L3BpZ2x5LTdhZThhL2djZi1hcnRpZmFjdHMvaGVsbG9fd29ybGQ6dmVyc2lvbl8xGLny84fbGyI/cHJvamVjdHMvcGlnbHktN2FlOGEvbG9jYXRpb25zL3VzLWNlbnRyYWwxL2Z1bmN0aW9ucy9oZWxsb1dvcmxkKgsI+/DhrAYQyMC4KTIIbm9kZWpzMTg= for region us-central1
[debug] [2024-01-05T21:46:09.131Z] [update-default-us-central1-helloWorld] Retrying task index 0
[debug] [2024-01-05T21:46:09.132Z] >>> [apiv2][query] GET https://cloudfunctions.googleapis.com/v2/projects/pigly-7ae8a/locations/us-central1/operations/operation-1704491075344-60e39c111988b-a5bc6be2-7490bb89 [none]
[debug] [2024-01-05T21:46:09.954Z] <<< [apiv2][status] GET https://cloudfunctions.googleapis.com/v2/projects/pigly-7ae8a/locations/us-central1/operations/operation-1704491075344-60e39c111988b-a5bc6be2-7490bb89 200
[debug] [2024-01-05T21:46:09.954Z] <<< [apiv2][body] GET https://cloudfunctions.googleapis.com/v2/projects/pigly-7ae8a/locations/us-central1/operations/operation-1704491075344-60e39c111988b-a5bc6be2-7490bb89 {"name":"projects/pigly-7ae8a/locations/us-central1/operations/operation-1704491075344-60e39c111988b-a5bc6be2-7490bb89","metadata":{"@type":"type.googleapis.com/google.cloud.functions.v2.OperationMetadata","createTime":"2024-01-05T21:44:36.020801212Z","target":"projects/pigly-7ae8a/locations/us-central1/functions/helloWorld","verb":"update","cancelRequested":false,"apiVersion":"v2","requestResource":{"@type":"type.googleapis.com/google.cloud.functions.v2.Function","name":"projects/pigly-7ae8a/locations/us-central1/functions/helloWorld","buildConfig":{"runtime":"nodejs18","entryPoint":"helloWorld","source":{"storageSource":{"bucket":"gcf-v2-sources-952157141305-us-central1","object":"helloWorld/function-source.zip","generation":"1704491075958974"}},"environmentVariables":{"GOOGLE_NODE_RUN_SCRIPTS":""},"sourceProvenance":{},"dockerRegistry":"ARTIFACT_REGISTRY"},"serviceConfig":{"service":"projects/pigly-7ae8a/locations/us-central1/services/helloworld","timeoutSeconds":60,"environmentVariables":{"FIREBASE_CONFIG":"{\"projectId\":\"pigly-7ae8a\",\"storageBucket\":\"pigly-7ae8a.appspot.com\"}","GCLOUD_PROJECT":"pigly-7ae8a","EVENTARC_CLOUD_EVENT_SOURCE":"projects/pigly-7ae8a/locations/us-central1/services/helloWorld","FUNCTION_TARGET":"helloWorld"},"maxInstanceCount":100,"ingressSettings":"ALLOW_ALL","serviceAccountEmail":"952157141305-compute@developer.gserviceaccount.com","availableMemory":"256Mi","maxInstanceRequestConcurrency":80,"availableCpu":"1"},"state":"FAILED","labels":{"firebase-functions-hash":"b3246c1b0852ad90713b0f59b442c98b05ede82d"},"stateMessages":[{"severity":"ERROR","type":"CloudRunServiceNotFound","message":"Cloud Run service projects/pigly-7ae8a/locations/us-central1/services/helloworld for the function was not found. The function will not work correctly. Please redeploy."}],"environment":"GEN_2","url":"https://us-central1-pigly-7ae8a.cloudfunctions.net/helloWorld"},"stages":[{"name":"BUILD","message":"Build finished","state":"COMPLETE","resource":"projects/952157141305/locations/us-central1/builds/b7d0890e-e586-44b1-9251-f02a8eb0931e","resourceUri":"https://console.cloud.google.com/cloud-build/builds;region=us-central1/b7d0890e-e586-44b1-9251-f02a8eb0931e?project=952157141305"},{"name":"SERVICE","message":"Updating Cloud Run service","state":"IN_PROGRESS","resource":"projects/pigly-7ae8a/locations/us-central1/services/helloworld","resourceUri":"https://console.cloud.google.com/run/detail/us-central1/helloworld?project=pigly-7ae8a","stateMessages":[{"severity":"WARNING","type":"CloudRunServiceRecreated","message":"Cloud Run service projects/pigly-7ae8a/locations/us-central1/services/helloworld for the function was not found. The service was redeployed with default values."}]}],"sourceToken":"Cldwcm9qZWN0cy85NTIxNTcxNDEzMDUvbG9jYXRpb25zL3VzLWNlbnRyYWwxL2J1aWxkcy9iN2QwODkwZS1lNTg2LTQ0YjEtOTI1MS1mMDJhOGViMDkzMWUSSnVzLWNlbnRyYWwxLWRvY2tlci5wa2cuZGV2L3BpZ2x5LTdhZThhL2djZi1hcnRpZmFjdHMvaGVsbG9fd29ybGQ6dmVyc2lvbl8xGLny84fbGyI/cHJvamVjdHMvcGlnbHktN2FlOGEvbG9jYXRpb25zL3VzLWNlbnRyYWwxL2Z1bmN0aW9ucy9oZWxsb1dvcmxkKgsI+/DhrAYQyMC4KTIIbm9kZWpzMTg=","operationType":"UPDATE_FUNCTION"},"done":false}
[debug] [2024-01-05T21:46:09.954Z] Got source token Cldwcm9qZWN0cy85NTIxNTcxNDEzMDUvbG9jYXRpb25zL3VzLWNlbnRyYWwxL2J1aWxkcy9iN2QwODkwZS1lNTg2LTQ0YjEtOTI1MS1mMDJhOGViMDkzMWUSSnVzLWNlbnRyYWwxLWRvY2tlci5wa2cuZGV2L3BpZ2x5LTdhZThhL2djZi1hcnRpZmFjdHMvaGVsbG9fd29ybGQ6dmVyc2lvbl8xGLny84fbGyI/cHJvamVjdHMvcGlnbHktN2FlOGEvbG9jYXRpb25zL3VzLWNlbnRyYWwxL2Z1bmN0aW9ucy9oZWxsb1dvcmxkKgsI+/DhrAYQyMC4KTIIbm9kZWpzMTg= for region us-central1
[debug] [2024-01-05T21:46:19.956Z] [update-default-us-central1-helloWorld] Retrying task index 0
[debug] [2024-01-05T21:46:19.957Z] >>> [apiv2][query] GET https://cloudfunctions.googleapis.com/v2/projects/pigly-7ae8a/locations/us-central1/operations/operation-1704491075344-60e39c111988b-a5bc6be2-7490bb89 [none]
[debug] [2024-01-05T21:46:20.834Z] <<< [apiv2][status] GET https://cloudfunctions.googleapis.com/v2/projects/pigly-7ae8a/locations/us-central1/operations/operation-1704491075344-60e39c111988b-a5bc6be2-7490bb89 200
[debug] [2024-01-05T21:46:20.834Z] <<< [apiv2][body] GET https://cloudfunctions.googleapis.com/v2/projects/pigly-7ae8a/locations/us-central1/operations/operation-1704491075344-60e39c111988b-a5bc6be2-7490bb89 {"name":"projects/pigly-7ae8a/locations/us-central1/operations/operation-1704491075344-60e39c111988b-a5bc6be2-7490bb89","metadata":{"@type":"type.googleapis.com/google.cloud.functions.v2.OperationMetadata","createTime":"2024-01-05T21:44:36.020801212Z","target":"projects/pigly-7ae8a/locations/us-central1/functions/helloWorld","verb":"update","cancelRequested":false,"apiVersion":"v2","requestResource":{"@type":"type.googleapis.com/google.cloud.functions.v2.Function","name":"projects/pigly-7ae8a/locations/us-central1/functions/helloWorld","buildConfig":{"runtime":"nodejs18","entryPoint":"helloWorld","source":{"storageSource":{"bucket":"gcf-v2-sources-952157141305-us-central1","object":"helloWorld/function-source.zip","generation":"1704491075958974"}},"environmentVariables":{"GOOGLE_NODE_RUN_SCRIPTS":""},"sourceProvenance":{},"dockerRegistry":"ARTIFACT_REGISTRY"},"serviceConfig":{"service":"projects/pigly-7ae8a/locations/us-central1/services/helloworld","timeoutSeconds":60,"environmentVariables":{"FIREBASE_CONFIG":"{\"projectId\":\"pigly-7ae8a\",\"storageBucket\":\"pigly-7ae8a.appspot.com\"}","GCLOUD_PROJECT":"pigly-7ae8a","EVENTARC_CLOUD_EVENT_SOURCE":"projects/pigly-7ae8a/locations/us-central1/services/helloWorld","FUNCTION_TARGET":"helloWorld"},"maxInstanceCount":100,"ingressSettings":"ALLOW_ALL","serviceAccountEmail":"952157141305-compute@developer.gserviceaccount.com","availableMemory":"256Mi","maxInstanceRequestConcurrency":80,"availableCpu":"1"},"state":"FAILED","labels":{"firebase-functions-hash":"b3246c1b0852ad90713b0f59b442c98b05ede82d"},"stateMessages":[{"severity":"ERROR","type":"CloudRunServiceNotFound","message":"Cloud Run service projects/pigly-7ae8a/locations/us-central1/services/helloworld for the function was not found. The function will not work correctly. Please redeploy."}],"environment":"GEN_2","url":"https://us-central1-pigly-7ae8a.cloudfunctions.net/helloWorld"},"stages":[{"name":"BUILD","message":"Build finished","state":"COMPLETE","resource":"projects/952157141305/locations/us-central1/builds/b7d0890e-e586-44b1-9251-f02a8eb0931e","resourceUri":"https://console.cloud.google.com/cloud-build/builds;region=us-central1/b7d0890e-e586-44b1-9251-f02a8eb0931e?project=952157141305"},{"name":"SERVICE","message":"Updating Cloud Run service","state":"IN_PROGRESS","resource":"projects/pigly-7ae8a/locations/us-central1/services/helloworld","resourceUri":"https://console.cloud.google.com/run/detail/us-central1/helloworld?project=pigly-7ae8a","stateMessages":[{"severity":"WARNING","type":"CloudRunServiceRecreated","message":"Cloud Run service projects/pigly-7ae8a/locations/us-central1/services/helloworld for the function was not found. The service was redeployed with default values."}]}],"sourceToken":"Cldwcm9qZWN0cy85NTIxNTcxNDEzMDUvbG9jYXRpb25zL3VzLWNlbnRyYWwxL2J1aWxkcy9iN2QwODkwZS1lNTg2LTQ0YjEtOTI1MS1mMDJhOGViMDkzMWUSSnVzLWNlbnRyYWwxLWRvY2tlci5wa2cuZGV2L3BpZ2x5LTdhZThhL2djZi1hcnRpZmFjdHMvaGVsbG9fd29ybGQ6dmVyc2lvbl8xGLny84fbGyI/cHJvamVjdHMvcGlnbHktN2FlOGEvbG9jYXRpb25zL3VzLWNlbnRyYWwxL2Z1bmN0aW9ucy9oZWxsb1dvcmxkKgsI+/DhrAYQyMC4KTIIbm9kZWpzMTg=","operationType":"UPDATE_FUNCTION"},"done":false}
[debug] [2024-01-05T21:46:20.834Z] Got source token Cldwcm9qZWN0cy85NTIxNTcxNDEzMDUvbG9jYXRpb25zL3VzLWNlbnRyYWwxL2J1aWxkcy9iN2QwODkwZS1lNTg2LTQ0YjEtOTI1MS1mMDJhOGViMDkzMWUSSnVzLWNlbnRyYWwxLWRvY2tlci5wa2cuZGV2L3BpZ2x5LTdhZThhL2djZi1hcnRpZmFjdHMvaGVsbG9fd29ybGQ6dmVyc2lvbl8xGLny84fbGyI/cHJvamVjdHMvcGlnbHktN2FlOGEvbG9jYXRpb25zL3VzLWNlbnRyYWwxL2Z1bmN0aW9ucy9oZWxsb1dvcmxkKgsI+/DhrAYQyMC4KTIIbm9kZWpzMTg= for region us-central1
[debug] [2024-01-05T21:46:30.836Z] [update-default-us-central1-helloWorld] Retrying task index 0
[debug] [2024-01-05T21:46:30.837Z] >>> [apiv2][query] GET https://cloudfunctions.googleapis.com/v2/projects/pigly-7ae8a/locations/us-central1/operations/operation-1704491075344-60e39c111988b-a5bc6be2-7490bb89 [none]
[debug] [2024-01-05T21:46:31.687Z] <<< [apiv2][status] GET https://cloudfunctions.googleapis.com/v2/projects/pigly-7ae8a/locations/us-central1/operations/operation-1704491075344-60e39c111988b-a5bc6be2-7490bb89 200
[debug] [2024-01-05T21:46:31.688Z] <<< [apiv2][body] GET https://cloudfunctions.googleapis.com/v2/projects/pigly-7ae8a/locations/us-central1/operations/operation-1704491075344-60e39c111988b-a5bc6be2-7490bb89 {"name":"projects/pigly-7ae8a/locations/us-central1/operations/operation-1704491075344-60e39c111988b-a5bc6be2-7490bb89","metadata":{"@type":"type.googleapis.com/google.cloud.functions.v2.OperationMetadata","createTime":"2024-01-05T21:44:36.020801212Z","target":"projects/pigly-7ae8a/locations/us-central1/functions/helloWorld","verb":"update","cancelRequested":false,"apiVersion":"v2","requestResource":{"@type":"type.googleapis.com/google.cloud.functions.v2.Function","name":"projects/pigly-7ae8a/locations/us-central1/functions/helloWorld","buildConfig":{"runtime":"nodejs18","entryPoint":"helloWorld","source":{"storageSource":{"bucket":"gcf-v2-sources-952157141305-us-central1","object":"helloWorld/function-source.zip","generation":"1704491075958974"}},"environmentVariables":{"GOOGLE_NODE_RUN_SCRIPTS":""},"sourceProvenance":{},"dockerRegistry":"ARTIFACT_REGISTRY"},"serviceConfig":{"service":"projects/pigly-7ae8a/locations/us-central1/services/helloworld","timeoutSeconds":60,"environmentVariables":{"FIREBASE_CONFIG":"{\"projectId\":\"pigly-7ae8a\",\"storageBucket\":\"pigly-7ae8a.appspot.com\"}","GCLOUD_PROJECT":"pigly-7ae8a","EVENTARC_CLOUD_EVENT_SOURCE":"projects/pigly-7ae8a/locations/us-central1/services/helloWorld","FUNCTION_TARGET":"helloWorld"},"maxInstanceCount":100,"ingressSettings":"ALLOW_ALL","serviceAccountEmail":"952157141305-compute@developer.gserviceaccount.com","availableMemory":"256Mi","maxInstanceRequestConcurrency":80,"availableCpu":"1"},"state":"FAILED","labels":{"firebase-functions-hash":"b3246c1b0852ad90713b0f59b442c98b05ede82d"},"stateMessages":[{"severity":"ERROR","type":"CloudRunServiceNotFound","message":"Cloud Run service projects/pigly-7ae8a/locations/us-central1/services/helloworld for the function was not found. The function will not work correctly. Please redeploy."}],"environment":"GEN_2","url":"https://us-central1-pigly-7ae8a.cloudfunctions.net/helloWorld"},"stages":[{"name":"BUILD","message":"Build finished","state":"COMPLETE","resource":"projects/952157141305/locations/us-central1/builds/b7d0890e-e586-44b1-9251-f02a8eb0931e","resourceUri":"https://console.cloud.google.com/cloud-build/builds;region=us-central1/b7d0890e-e586-44b1-9251-f02a8eb0931e?project=952157141305"},{"name":"SERVICE","message":"Updating Cloud Run service","state":"IN_PROGRESS","resource":"projects/pigly-7ae8a/locations/us-central1/services/helloworld","resourceUri":"https://console.cloud.google.com/run/detail/us-central1/helloworld?project=pigly-7ae8a","stateMessages":[{"severity":"WARNING","type":"CloudRunServiceRecreated","message":"Cloud Run service projects/pigly-7ae8a/locations/us-central1/services/helloworld for the function was not found. The service was redeployed with default values."}]}],"sourceToken":"Cldwcm9qZWN0cy85NTIxNTcxNDEzMDUvbG9jYXRpb25zL3VzLWNlbnRyYWwxL2J1aWxkcy9iN2QwODkwZS1lNTg2LTQ0YjEtOTI1MS1mMDJhOGViMDkzMWUSSnVzLWNlbnRyYWwxLWRvY2tlci5wa2cuZGV2L3BpZ2x5LTdhZThhL2djZi1hcnRpZmFjdHMvaGVsbG9fd29ybGQ6dmVyc2lvbl8xGLny84fbGyI/cHJvamVjdHMvcGlnbHktN2FlOGEvbG9jYXRpb25zL3VzLWNlbnRyYWwxL2Z1bmN0aW9ucy9oZWxsb1dvcmxkKgsI+/DhrAYQyMC4KTIIbm9kZWpzMTg=","operationType":"UPDATE_FUNCTION"},"done":false}
[debug] [2024-01-05T21:46:31.688Z] Got source token Cldwcm9qZWN0cy85NTIxNTcxNDEzMDUvbG9jYXRpb25zL3VzLWNlbnRyYWwxL2J1aWxkcy9iN2QwODkwZS1lNTg2LTQ0YjEtOTI1MS1mMDJhOGViMDkzMWUSSnVzLWNlbnRyYWwxLWRvY2tlci5wa2cuZGV2L3BpZ2x5LTdhZThhL2djZi1hcnRpZmFjdHMvaGVsbG9fd29ybGQ6dmVyc2lvbl8xGLny84fbGyI/cHJvamVjdHMvcGlnbHktN2FlOGEvbG9jYXRpb25zL3VzLWNlbnRyYWwxL2Z1bmN0aW9ucy9oZWxsb1dvcmxkKgsI+/DhrAYQyMC4KTIIbm9kZWpzMTg= for region us-central1
[debug] [2024-01-05T21:46:41.688Z] [update-default-us-central1-helloWorld] Retrying task index 0
[debug] [2024-01-05T21:46:41.689Z] >>> [apiv2][query] GET https://cloudfunctions.googleapis.com/v2/projects/pigly-7ae8a/locations/us-central1/operations/operation-1704491075344-60e39c111988b-a5bc6be2-7490bb89 [none]
[debug] [2024-01-05T21:46:42.470Z] <<< [apiv2][status] GET https://cloudfunctions.googleapis.com/v2/projects/pigly-7ae8a/locations/us-central1/operations/operation-1704491075344-60e39c111988b-a5bc6be2-7490bb89 200
[debug] [2024-01-05T21:46:42.471Z] <<< [apiv2][body] GET https://cloudfunctions.googleapis.com/v2/projects/pigly-7ae8a/locations/us-central1/operations/operation-1704491075344-60e39c111988b-a5bc6be2-7490bb89 {"name":"projects/pigly-7ae8a/locations/us-central1/operations/operation-1704491075344-60e39c111988b-a5bc6be2-7490bb89","metadata":{"@type":"type.googleapis.com/google.cloud.functions.v2.OperationMetadata","createTime":"2024-01-05T21:44:36.020801212Z","target":"projects/pigly-7ae8a/locations/us-central1/functions/helloWorld","verb":"update","cancelRequested":false,"apiVersion":"v2","requestResource":{"@type":"type.googleapis.com/google.cloud.functions.v2.Function","name":"projects/pigly-7ae8a/locations/us-central1/functions/helloWorld","buildConfig":{"runtime":"nodejs18","entryPoint":"helloWorld","source":{"storageSource":{"bucket":"gcf-v2-sources-952157141305-us-central1","object":"helloWorld/function-source.zip","generation":"1704491075958974"}},"environmentVariables":{"GOOGLE_NODE_RUN_SCRIPTS":""},"sourceProvenance":{},"dockerRegistry":"ARTIFACT_REGISTRY"},"serviceConfig":{"service":"projects/pigly-7ae8a/locations/us-central1/services/helloworld","timeoutSeconds":60,"environmentVariables":{"FIREBASE_CONFIG":"{\"projectId\":\"pigly-7ae8a\",\"storageBucket\":\"pigly-7ae8a.appspot.com\"}","GCLOUD_PROJECT":"pigly-7ae8a","EVENTARC_CLOUD_EVENT_SOURCE":"projects/pigly-7ae8a/locations/us-central1/services/helloWorld","FUNCTION_TARGET":"helloWorld"},"maxInstanceCount":100,"ingressSettings":"ALLOW_ALL","serviceAccountEmail":"952157141305-compute@developer.gserviceaccount.com","availableMemory":"256Mi","maxInstanceRequestConcurrency":80,"availableCpu":"1"},"state":"FAILED","labels":{"firebase-functions-hash":"b3246c1b0852ad90713b0f59b442c98b05ede82d"},"stateMessages":[{"severity":"ERROR","type":"CloudRunServiceNotFound","message":"Cloud Run service projects/pigly-7ae8a/locations/us-central1/services/helloworld for the function was not found. The function will not work correctly. Please redeploy."}],"environment":"GEN_2","url":"https://us-central1-pigly-7ae8a.cloudfunctions.net/helloWorld"},"stages":[{"name":"BUILD","message":"Build finished","state":"COMPLETE","resource":"projects/952157141305/locations/us-central1/builds/b7d0890e-e586-44b1-9251-f02a8eb0931e","resourceUri":"https://console.cloud.google.com/cloud-build/builds;region=us-central1/b7d0890e-e586-44b1-9251-f02a8eb0931e?project=952157141305"},{"name":"SERVICE","message":"Updating Cloud Run service","state":"IN_PROGRESS","resource":"projects/pigly-7ae8a/locations/us-central1/services/helloworld","resourceUri":"https://console.cloud.google.com/run/detail/us-central1/helloworld?project=pigly-7ae8a","stateMessages":[{"severity":"WARNING","type":"CloudRunServiceRecreated","message":"Cloud Run service projects/pigly-7ae8a/locations/us-central1/services/helloworld for the function was not found. The service was redeployed with default values."}]}],"sourceToken":"Cldwcm9qZWN0cy85NTIxNTcxNDEzMDUvbG9jYXRpb25zL3VzLWNlbnRyYWwxL2J1aWxkcy9iN2QwODkwZS1lNTg2LTQ0YjEtOTI1MS1mMDJhOGViMDkzMWUSSnVzLWNlbnRyYWwxLWRvY2tlci5wa2cuZGV2L3BpZ2x5LTdhZThhL2djZi1hcnRpZmFjdHMvaGVsbG9fd29ybGQ6dmVyc2lvbl8xGLny84fbGyI/cHJvamVjdHMvcGlnbHktN2FlOGEvbG9jYXRpb25zL3VzLWNlbnRyYWwxL2Z1bmN0aW9ucy9oZWxsb1dvcmxkKgsI+/DhrAYQyMC4KTIIbm9kZWpzMTg=","operationType":"UPDATE_FUNCTION"},"done":false}
[debug] [2024-01-05T21:46:42.471Z] Got source token Cldwcm9qZWN0cy85NTIxNTcxNDEzMDUvbG9jYXRpb25zL3VzLWNlbnRyYWwxL2J1aWxkcy9iN2QwODkwZS1lNTg2LTQ0YjEtOTI1MS1mMDJhOGViMDkzMWUSSnVzLWNlbnRyYWwxLWRvY2tlci5wa2cuZGV2L3BpZ2x5LTdhZThhL2djZi1hcnRpZmFjdHMvaGVsbG9fd29ybGQ6dmVyc2lvbl8xGLny84fbGyI/cHJvamVjdHMvcGlnbHktN2FlOGEvbG9jYXRpb25zL3VzLWNlbnRyYWwxL2Z1bmN0aW9ucy9oZWxsb1dvcmxkKgsI+/DhrAYQyMC4KTIIbm9kZWpzMTg= for region us-central1
[debug] [2024-01-05T21:46:52.472Z] [update-default-us-central1-helloWorld] Retrying task index 0
[debug] [2024-01-05T21:46:52.473Z] >>> [apiv2][query] GET https://cloudfunctions.googleapis.com/v2/projects/pigly-7ae8a/locations/us-central1/operations/operation-1704491075344-60e39c111988b-a5bc6be2-7490bb89 [none]
[debug] [2024-01-05T21:46:53.313Z] <<< [apiv2][status] GET https://cloudfunctions.googleapis.com/v2/projects/pigly-7ae8a/locations/us-central1/operations/operation-1704491075344-60e39c111988b-a5bc6be2-7490bb89 200
[debug] [2024-01-05T21:46:53.313Z] <<< [apiv2][body] GET https://cloudfunctions.googleapis.com/v2/projects/pigly-7ae8a/locations/us-central1/operations/operation-1704491075344-60e39c111988b-a5bc6be2-7490bb89 {"name":"projects/pigly-7ae8a/locations/us-central1/operations/operation-1704491075344-60e39c111988b-a5bc6be2-7490bb89","metadata":{"@type":"type.googleapis.com/google.cloud.functions.v2.OperationMetadata","createTime":"2024-01-05T21:44:36.020801212Z","target":"projects/pigly-7ae8a/locations/us-central1/functions/helloWorld","verb":"update","cancelRequested":false,"apiVersion":"v2","requestResource":{"@type":"type.googleapis.com/google.cloud.functions.v2.Function","name":"projects/pigly-7ae8a/locations/us-central1/functions/helloWorld","buildConfig":{"runtime":"nodejs18","entryPoint":"helloWorld","source":{"storageSource":{"bucket":"gcf-v2-sources-952157141305-us-central1","object":"helloWorld/function-source.zip","generation":"1704491075958974"}},"environmentVariables":{"GOOGLE_NODE_RUN_SCRIPTS":""},"sourceProvenance":{},"dockerRegistry":"ARTIFACT_REGISTRY"},"serviceConfig":{"service":"projects/pigly-7ae8a/locations/us-central1/services/helloworld","timeoutSeconds":60,"environmentVariables":{"FIREBASE_CONFIG":"{\"projectId\":\"pigly-7ae8a\",\"storageBucket\":\"pigly-7ae8a.appspot.com\"}","GCLOUD_PROJECT":"pigly-7ae8a","EVENTARC_CLOUD_EVENT_SOURCE":"projects/pigly-7ae8a/locations/us-central1/services/helloWorld","FUNCTION_TARGET":"helloWorld"},"maxInstanceCount":100,"ingressSettings":"ALLOW_ALL","serviceAccountEmail":"952157141305-compute@developer.gserviceaccount.com","availableMemory":"256Mi","maxInstanceRequestConcurrency":80,"availableCpu":"1"},"state":"FAILED","labels":{"firebase-functions-hash":"b3246c1b0852ad90713b0f59b442c98b05ede82d"},"stateMessages":[{"severity":"ERROR","type":"CloudRunServiceNotFound","message":"Cloud Run service projects/pigly-7ae8a/locations/us-central1/services/helloworld for the function was not found. The function will not work correctly. Please redeploy."}],"environment":"GEN_2","url":"https://us-central1-pigly-7ae8a.cloudfunctions.net/helloWorld"},"stages":[{"name":"BUILD","message":"Build finished","state":"COMPLETE","resource":"projects/952157141305/locations/us-central1/builds/b7d0890e-e586-44b1-9251-f02a8eb0931e","resourceUri":"https://console.cloud.google.com/cloud-build/builds;region=us-central1/b7d0890e-e586-44b1-9251-f02a8eb0931e?project=952157141305"},{"name":"SERVICE","message":"Updating Cloud Run service","state":"IN_PROGRESS","resource":"projects/pigly-7ae8a/locations/us-central1/services/helloworld","resourceUri":"https://console.cloud.google.com/run/detail/us-central1/helloworld?project=pigly-7ae8a","stateMessages":[{"severity":"WARNING","type":"CloudRunServiceRecreated","message":"Cloud Run service projects/pigly-7ae8a/locations/us-central1/services/helloworld for the function was not found. The service was redeployed with default values."}]}],"sourceToken":"Cldwcm9qZWN0cy85NTIxNTcxNDEzMDUvbG9jYXRpb25zL3VzLWNlbnRyYWwxL2J1aWxkcy9iN2QwODkwZS1lNTg2LTQ0YjEtOTI1MS1mMDJhOGViMDkzMWUSSnVzLWNlbnRyYWwxLWRvY2tlci5wa2cuZGV2L3BpZ2x5LTdhZThhL2djZi1hcnRpZmFjdHMvaGVsbG9fd29ybGQ6dmVyc2lvbl8xGLny84fbGyI/cHJvamVjdHMvcGlnbHktN2FlOGEvbG9jYXRpb25zL3VzLWNlbnRyYWwxL2Z1bmN0aW9ucy9oZWxsb1dvcmxkKgsI+/DhrAYQyMC4KTIIbm9kZWpzMTg=","operationType":"UPDATE_FUNCTION"},"done":false}
[debug] [2024-01-05T21:46:53.314Z] Got source token Cldwcm9qZWN0cy85NTIxNTcxNDEzMDUvbG9jYXRpb25zL3VzLWNlbnRyYWwxL2J1aWxkcy9iN2QwODkwZS1lNTg2LTQ0YjEtOTI1MS1mMDJhOGViMDkzMWUSSnVzLWNlbnRyYWwxLWRvY2tlci5wa2cuZGV2L3BpZ2x5LTdhZThhL2djZi1hcnRpZmFjdHMvaGVsbG9fd29ybGQ6dmVyc2lvbl8xGLny84fbGyI/cHJvamVjdHMvcGlnbHktN2FlOGEvbG9jYXRpb25zL3VzLWNlbnRyYWwxL2Z1bmN0aW9ucy9oZWxsb1dvcmxkKgsI+/DhrAYQyMC4KTIIbm9kZWpzMTg= for region us-central1
[debug] [2024-01-05T21:47:03.314Z] [update-default-us-central1-helloWorld] Retrying task index 0
[debug] [2024-01-05T21:47:03.315Z] >>> [apiv2][query] GET https://cloudfunctions.googleapis.com/v2/projects/pigly-7ae8a/locations/us-central1/operations/operation-1704491075344-60e39c111988b-a5bc6be2-7490bb89 [none]
[debug] [2024-01-05T21:47:04.173Z] <<< [apiv2][status] GET https://cloudfunctions.googleapis.com/v2/projects/pigly-7ae8a/locations/us-central1/operations/operation-1704491075344-60e39c111988b-a5bc6be2-7490bb89 200
[debug] [2024-01-05T21:47:04.173Z] <<< [apiv2][body] GET https://cloudfunctions.googleapis.com/v2/projects/pigly-7ae8a/locations/us-central1/operations/operation-1704491075344-60e39c111988b-a5bc6be2-7490bb89 {"name":"projects/pigly-7ae8a/locations/us-central1/operations/operation-1704491075344-60e39c111988b-a5bc6be2-7490bb89","metadata":{"@type":"type.googleapis.com/google.cloud.functions.v2.OperationMetadata","createTime":"2024-01-05T21:44:36.020801212Z","target":"projects/pigly-7ae8a/locations/us-central1/functions/helloWorld","verb":"update","cancelRequested":false,"apiVersion":"v2","requestResource":{"@type":"type.googleapis.com/google.cloud.functions.v2.Function","name":"projects/pigly-7ae8a/locations/us-central1/functions/helloWorld","buildConfig":{"runtime":"nodejs18","entryPoint":"helloWorld","source":{"storageSource":{"bucket":"gcf-v2-sources-952157141305-us-central1","object":"helloWorld/function-source.zip","generation":"1704491075958974"}},"environmentVariables":{"GOOGLE_NODE_RUN_SCRIPTS":""},"sourceProvenance":{},"dockerRegistry":"ARTIFACT_REGISTRY"},"serviceConfig":{"service":"projects/pigly-7ae8a/locations/us-central1/services/helloworld","timeoutSeconds":60,"environmentVariables":{"FIREBASE_CONFIG":"{\"projectId\":\"pigly-7ae8a\",\"storageBucket\":\"pigly-7ae8a.appspot.com\"}","GCLOUD_PROJECT":"pigly-7ae8a","EVENTARC_CLOUD_EVENT_SOURCE":"projects/pigly-7ae8a/locations/us-central1/services/helloWorld","FUNCTION_TARGET":"helloWorld"},"maxInstanceCount":100,"ingressSettings":"ALLOW_ALL","serviceAccountEmail":"952157141305-compute@developer.gserviceaccount.com","availableMemory":"256Mi","maxInstanceRequestConcurrency":80,"availableCpu":"1"},"state":"FAILED","labels":{"firebase-functions-hash":"b3246c1b0852ad90713b0f59b442c98b05ede82d"},"stateMessages":[{"severity":"ERROR","type":"CloudRunServiceNotFound","message":"Cloud Run service projects/pigly-7ae8a/locations/us-central1/services/helloworld for the function was not found. The function will not work correctly. Please redeploy."}],"environment":"GEN_2","url":"https://us-central1-pigly-7ae8a.cloudfunctions.net/helloWorld"},"stages":[{"name":"BUILD","message":"Build finished","state":"COMPLETE","resource":"projects/952157141305/locations/us-central1/builds/b7d0890e-e586-44b1-9251-f02a8eb0931e","resourceUri":"https://console.cloud.google.com/cloud-build/builds;region=us-central1/b7d0890e-e586-44b1-9251-f02a8eb0931e?project=952157141305"},{"name":"SERVICE","message":"Updating Cloud Run service","state":"IN_PROGRESS","resource":"projects/pigly-7ae8a/locations/us-central1/services/helloworld","resourceUri":"https://console.cloud.google.com/run/detail/us-central1/helloworld?project=pigly-7ae8a","stateMessages":[{"severity":"WARNING","type":"CloudRunServiceRecreated","message":"Cloud Run service projects/pigly-7ae8a/locations/us-central1/services/helloworld for the function was not found. The service was redeployed with default values."}]}],"sourceToken":"Cldwcm9qZWN0cy85NTIxNTcxNDEzMDUvbG9jYXRpb25zL3VzLWNlbnRyYWwxL2J1aWxkcy9iN2QwODkwZS1lNTg2LTQ0YjEtOTI1MS1mMDJhOGViMDkzMWUSSnVzLWNlbnRyYWwxLWRvY2tlci5wa2cuZGV2L3BpZ2x5LTdhZThhL2djZi1hcnRpZmFjdHMvaGVsbG9fd29ybGQ6dmVyc2lvbl8xGLny84fbGyI/cHJvamVjdHMvcGlnbHktN2FlOGEvbG9jYXRpb25zL3VzLWNlbnRyYWwxL2Z1bmN0aW9ucy9oZWxsb1dvcmxkKgsI+/DhrAYQyMC4KTIIbm9kZWpzMTg=","operationType":"UPDATE_FUNCTION"},"done":false}
[debug] [2024-01-05T21:47:04.174Z] Got source token Cldwcm9qZWN0cy85NTIxNTcxNDEzMDUvbG9jYXRpb25zL3VzLWNlbnRyYWwxL2J1aWxkcy9iN2QwODkwZS1lNTg2LTQ0YjEtOTI1MS1mMDJhOGViMDkzMWUSSnVzLWNlbnRyYWwxLWRvY2tlci5wa2cuZGV2L3BpZ2x5LTdhZThhL2djZi1hcnRpZmFjdHMvaGVsbG9fd29ybGQ6dmVyc2lvbl8xGLny84fbGyI/cHJvamVjdHMvcGlnbHktN2FlOGEvbG9jYXRpb25zL3VzLWNlbnRyYWwxL2Z1bmN0aW9ucy9oZWxsb1dvcmxkKgsI+/DhrAYQyMC4KTIIbm9kZWpzMTg= for region us-central1
